Determining if files endian.h exist failed with the following output:
Change Dir: /Users/ptseng/Developer/C/CodonCount-C/CodonCount-C/library/jansson-2.6/build/CMakeFiles/CMakeTmp

Run Build Command:/usr/bin/make "cmTryCompileExec584673601/fast"
/Applications/Xcode.app/Contents/Developer/usr/bin/make -f CMakeFiles/cmTryCompileExec584673601.dir/build.make CMakeFiles/cmTryCompileExec584673601.dir/build
/usr/local/Cellar/cmake/2.8.12.2/bin/cmake -E cmake_progress_report /Users/ptseng/Developer/C/CodonCount-C/CodonCount-C/library/jansson-2.6/build/CMakeFiles/CMakeTmp/CMakeFiles 1
Building C object CMakeFiles/cmTryCompileExec584673601.dir/CheckIncludeFiles.c.o
/usr/bin/cc    -o CMakeFiles/cmTryCompileExec584673601.dir/CheckIncludeFiles.c.o   -c /Users/ptseng/Developer/C/CodonCount-C/CodonCount-C/library/jansson-2.6/build/CMakeFiles/CMakeTmp/CheckIncludeFiles.c
/Users/ptseng/Developer/C/CodonCount-C/CodonCount-C/library/jansson-2.6/build/CMakeFiles/CMakeTmp/CheckIncludeFiles.c:2:10: fatal error: 'endian.h' file not found
#include <endian.h>
         ^
1 error generated.
make[1]: *** [CMakeFiles/cmTryCompileExec584673601.dir/CheckIncludeFiles.c.o] Error 1
make: *** [cmTryCompileExec584673601/fast] Error 2

Source:
/* */
#include <endian.h>


int main(){return 0;}

Determining size of __int64 failed with the following output:
Change Dir: /Users/ptseng/Developer/C/CodonCount-C/CodonCount-C/library/jansson-2.6/build/CMakeFiles/CMakeTmp

Run Build Command:/usr/bin/make "cmTryCompileExec3913222439/fast"
/Applications/Xcode.app/Contents/Developer/usr/bin/make -f CMakeFiles/cmTryCompileExec3913222439.dir/build.make CMakeFiles/cmTryCompileExec3913222439.dir/build
/usr/local/Cellar/cmake/2.8.12.2/bin/cmake -E cmake_progress_report /Users/ptseng/Developer/C/CodonCount-C/CodonCount-C/library/jansson-2.6/build/CMakeFiles/CMakeTmp/CMakeFiles 1
Building C object CMakeFiles/cmTryCompileExec3913222439.dir/__INT64.c.o
/usr/bin/cc    -o CMakeFiles/cmTryCompileExec3913222439.dir/__INT64.c.o   -c /Users/ptseng/Developer/C/CodonCount-C/CodonCount-C/library/jansson-2.6/build/CMakeFiles/CheckTypeSize/__INT64.c
/Users/ptseng/Developer/C/CodonCount-C/CodonCount-C/library/jansson-2.6/build/CMakeFiles/CheckTypeSize/__INT64.c:19:12: error: use of undeclared identifier '__int64'; did you mean '__int64_t'?
  ('0' + ((SIZE / 10000)%10)),
           ^
/Users/ptseng/Developer/C/CodonCount-C/CodonCount-C/library/jansson-2.6/build/CMakeFiles/CheckTypeSize/__INT64.c:17:22: note: expanded from macro 'SIZE'
#define SIZE (sizeof(__int64))
                     ^
/usr/include/i386/_types.h:46:20: note: '__int64_t' declared here
typedef long long               __int64_t;
                                ^
/Users/ptseng/Developer/C/CodonCount-C/CodonCount-C/library/jansson-2.6/build/CMakeFiles/CheckTypeSize/__INT64.c:20:12: error: use of undeclared identifier '__int64'; did you mean '__int64_t'?
  ('0' + ((SIZE / 1000)%10)),
           ^
/Users/ptseng/Developer/C/CodonCount-C/CodonCount-C/library/jansson-2.6/build/CMakeFiles/CheckTypeSize/__INT64.c:17:22: note: expanded from macro 'SIZE'
#define SIZE (sizeof(__int64))
                     ^
/usr/include/i386/_types.h:46:20: note: '__int64_t' declared here
typedef long long               __int64_t;
                                ^
/Users/ptseng/Developer/C/CodonCount-C/CodonCount-C/library/jansson-2.6/build/CMakeFiles/CheckTypeSize/__INT64.c:21:12: error: use of undeclared identifier '__int64'; did you mean '__int64_t'?
  ('0' + ((SIZE / 100)%10)),
           ^
/Users/ptseng/Developer/C/CodonCount-C/CodonCount-C/library/jansson-2.6/build/CMakeFiles/CheckTypeSize/__INT64.c:17:22: note: expanded from macro 'SIZE'
#define SIZE (sizeof(__int64))
                     ^
/usr/include/i386/_types.h:46:20: note: '__int64_t' declared here
typedef long long               __int64_t;
                                ^
/Users/ptseng/Developer/C/CodonCount-C/CodonCount-C/library/jansson-2.6/build/CMakeFiles/CheckTypeSize/__INT64.c:22:12: error: use of undeclared identifier '__int64'; did you mean '__int64_t'?
  ('0' + ((SIZE / 10)%10)),
           ^
/Users/ptseng/Developer/C/CodonCount-C/CodonCount-C/library/jansson-2.6/build/CMakeFiles/CheckTypeSize/__INT64.c:17:22: note: expanded from macro 'SIZE'
#define SIZE (sizeof(__int64))
                     ^
/usr/include/i386/_types.h:46:20: note: '__int64_t' declared here
typedef long long               __int64_t;
                                ^
/Users/ptseng/Developer/C/CodonCount-C/CodonCount-C/library/jansson-2.6/build/CMakeFiles/CheckTypeSize/__INT64.c:23:12: error: use of undeclared identifier '__int64'; did you mean '__int64_t'?
  ('0' +  (SIZE    % 10)),
           ^
/Users/ptseng/Developer/C/CodonCount-C/CodonCount-C/library/jansson-2.6/build/CMakeFiles/CheckTypeSize/__INT64.c:17:22: note: expanded from macro 'SIZE'
#define SIZE (sizeof(__int64))
                     ^
/usr/include/i386/_types.h:46:20: note: '__int64_t' declared here
typedef long long               __int64_t;
                                ^
5 errors generated.
make[1]: *** [CMakeFiles/cmTryCompileExec3913222439.dir/__INT64.c.o] Error 1
make: *** [cmTryCompileExec3913222439/fast] Error 2

/Users/ptseng/Developer/C/CodonCount-C/CodonCount-C/library/jansson-2.6/build/CMakeFiles/CheckTypeSize/__INT64.c:
#include <sys/types.h>
#include <stdint.h>
#include <stddef.h>


#undef KEY
#if defined(__i386)
# define KEY '_','_','i','3','8','6'
#elif defined(__x86_64)
# define KEY '_','_','x','8','6','_','6','4'
#elif defined(__ppc__)
# define KEY '_','_','p','p','c','_','_'
#elif defined(__ppc64__)
# define KEY '_','_','p','p','c','6','4','_','_'
#endif

#define SIZE (sizeof(__int64))
char info_size[] =  {'I', 'N', 'F', 'O', ':', 's','i','z','e','[',
  ('0' + ((SIZE / 10000)%10)),
  ('0' + ((SIZE / 1000)%10)),
  ('0' + ((SIZE / 100)%10)),
  ('0' + ((SIZE / 10)%10)),
  ('0' +  (SIZE    % 10)),
  ']',
#ifdef KEY
  ' ','k','e','y','[', KEY, ']',
#endif
  '\0'};

#ifdef __CLASSIC_C__
int main(argc, argv) int argc; char *argv[];
#else
int main(int argc, char *argv[])
#endif
{
  int require = 0;
  require += info_size[argc];
  (void)argv;
  return require;
}


Determining size of __int32 failed with the following output:
Change Dir: /Users/ptseng/Developer/C/CodonCount-C/CodonCount-C/library/jansson-2.6/build/CMakeFiles/CMakeTmp

Run Build Command:/usr/bin/make "cmTryCompileExec417398324/fast"
/Applications/Xcode.app/Contents/Developer/usr/bin/make -f CMakeFiles/cmTryCompileExec417398324.dir/build.make CMakeFiles/cmTryCompileExec417398324.dir/build
/usr/local/Cellar/cmake/2.8.12.2/bin/cmake -E cmake_progress_report /Users/ptseng/Developer/C/CodonCount-C/CodonCount-C/library/jansson-2.6/build/CMakeFiles/CMakeTmp/CMakeFiles 1
Building C object CMakeFiles/cmTryCompileExec417398324.dir/__INT32.c.o
/usr/bin/cc    -o CMakeFiles/cmTryCompileExec417398324.dir/__INT32.c.o   -c /Users/ptseng/Developer/C/CodonCount-C/CodonCount-C/library/jansson-2.6/build/CMakeFiles/CheckTypeSize/__INT32.c
/Users/ptseng/Developer/C/CodonCount-C/CodonCount-C/library/jansson-2.6/build/CMakeFiles/CheckTypeSize/__INT32.c:19:12: error: use of undeclared identifier '__int32'; did you mean '__int32_t'?
  ('0' + ((SIZE / 10000)%10)),
           ^
/Users/ptseng/Developer/C/CodonCount-C/CodonCount-C/library/jansson-2.6/build/CMakeFiles/CheckTypeSize/__INT32.c:17:22: note: expanded from macro 'SIZE'
#define SIZE (sizeof(__int32))
                     ^
/usr/include/i386/_types.h:44:15: note: '__int32_t' declared here
typedef int                     __int32_t;
                                ^
/Users/ptseng/Developer/C/CodonCount-C/CodonCount-C/library/jansson-2.6/build/CMakeFiles/CheckTypeSize/__INT32.c:20:12: error: use of undeclared identifier '__int32'; did you mean '__int32_t'?
  ('0' + ((SIZE / 1000)%10)),
           ^
/Users/ptseng/Developer/C/CodonCount-C/CodonCount-C/library/jansson-2.6/build/CMakeFiles/CheckTypeSize/__INT32.c:17:22: note: expanded from macro 'SIZE'
#define SIZE (sizeof(__int32))
                     ^
/usr/include/i386/_types.h:44:15: note: '__int32_t' declared here
typedef int                     __int32_t;
                                ^
/Users/ptseng/Developer/C/CodonCount-C/CodonCount-C/library/jansson-2.6/build/CMakeFiles/CheckTypeSize/__INT32.c:21:12: error: use of undeclared identifier '__int32'; did you mean '__int32_t'?
  ('0' + ((SIZE / 100)%10)),
           ^
/Users/ptseng/Developer/C/CodonCount-C/CodonCount-C/library/jansson-2.6/build/CMakeFiles/CheckTypeSize/__INT32.c:17:22: note: expanded from macro 'SIZE'
#define SIZE (sizeof(__int32))
                     ^
/usr/include/i386/_types.h:44:15: note: '__int32_t' declared here
typedef int                     __int32_t;
                                ^
/Users/ptseng/Developer/C/CodonCount-C/CodonCount-C/library/jansson-2.6/build/CMakeFiles/CheckTypeSize/__INT32.c:22:12: error: use of undeclared identifier '__int32'; did you mean '__int32_t'?
  ('0' + ((SIZE / 10)%10)),
           ^
/Users/ptseng/Developer/C/CodonCount-C/CodonCount-C/library/jansson-2.6/build/CMakeFiles/CheckTypeSize/__INT32.c:17:22: note: expanded from macro 'SIZE'
#define SIZE (sizeof(__int32))
                     ^
/usr/include/i386/_types.h:44:15: note: '__int32_t' declared here
typedef int                     __int32_t;
                                ^
/Users/ptseng/Developer/C/CodonCount-C/CodonCount-C/library/jansson-2.6/build/CMakeFiles/CheckTypeSize/__INT32.c:23:12: error: use of undeclared identifier '__int32'; did you mean '__int32_t'?
  ('0' +  (SIZE    % 10)),
           ^
/Users/ptseng/Developer/C/CodonCount-C/CodonCount-C/library/jansson-2.6/build/CMakeFiles/CheckTypeSize/__INT32.c:17:22: note: expanded from macro 'SIZE'
#define SIZE (sizeof(__int32))
                     ^
/usr/include/i386/_types.h:44:15: note: '__int32_t' declared here
typedef int                     __int32_t;
                                ^
5 errors generated.
make[1]: *** [CMakeFiles/cmTryCompileExec417398324.dir/__INT32.c.o] Error 1
make: *** [cmTryCompileExec417398324/fast] Error 2

/Users/ptseng/Developer/C/CodonCount-C/CodonCount-C/library/jansson-2.6/build/CMakeFiles/CheckTypeSize/__INT32.c:
#include <sys/types.h>
#include <stdint.h>
#include <stddef.h>


#undef KEY
#if defined(__i386)
# define KEY '_','_','i','3','8','6'
#elif defined(__x86_64)
# define KEY '_','_','x','8','6','_','6','4'
#elif defined(__ppc__)
# define KEY '_','_','p','p','c','_','_'
#elif defined(__ppc64__)
# define KEY '_','_','p','p','c','6','4','_','_'
#endif

#define SIZE (sizeof(__int32))
char info_size[] =  {'I', 'N', 'F', 'O', ':', 's','i','z','e','[',
  ('0' + ((SIZE / 10000)%10)),
  ('0' + ((SIZE / 1000)%10)),
  ('0' + ((SIZE / 100)%10)),
  ('0' + ((SIZE / 10)%10)),
  ('0' +  (SIZE    % 10)),
  ']',
#ifdef KEY
  ' ','k','e','y','[', KEY, ']',
#endif
  '\0'};

#ifdef __CLASSIC_C__
int main(argc, argv) int argc; char *argv[];
#else
int main(int argc, char *argv[])
#endif
{
  int require = 0;
  require += info_size[argc];
  (void)argv;
  return require;
}


Determining size of __uint32 failed with the following output:
Change Dir: /Users/ptseng/Developer/C/CodonCount-C/CodonCount-C/library/jansson-2.6/build/CMakeFiles/CMakeTmp

Run Build Command:/usr/bin/make "cmTryCompileExec759503856/fast"
/Applications/Xcode.app/Contents/Developer/usr/bin/make -f CMakeFiles/cmTryCompileExec759503856.dir/build.make CMakeFiles/cmTryCompileExec759503856.dir/build
/usr/local/Cellar/cmake/2.8.12.2/bin/cmake -E cmake_progress_report /Users/ptseng/Developer/C/CodonCount-C/CodonCount-C/library/jansson-2.6/build/CMakeFiles/CMakeTmp/CMakeFiles 1
Building C object CMakeFiles/cmTryCompileExec759503856.dir/__UINT32.c.o
/usr/bin/cc    -o CMakeFiles/cmTryCompileExec759503856.dir/__UINT32.c.o   -c /Users/ptseng/Developer/C/CodonCount-C/CodonCount-C/library/jansson-2.6/build/CMakeFiles/CheckTypeSize/__UINT32.c
/Users/ptseng/Developer/C/CodonCount-C/CodonCount-C/library/jansson-2.6/build/CMakeFiles/CheckTypeSize/__UINT32.c:19:12: error: use of undeclared identifier '__uint32'; did you mean '__uint32_t'?
  ('0' + ((SIZE / 10000)%10)),
           ^
/Users/ptseng/Developer/C/CodonCount-C/CodonCount-C/library/jansson-2.6/build/CMakeFiles/CheckTypeSize/__UINT32.c:17:22: note: expanded from macro 'SIZE'
#define SIZE (sizeof(__uint32))
                     ^
/usr/include/i386/_types.h:45:23: note: '__uint32_t' declared here
typedef unsigned int            __uint32_t;
                                ^
/Users/ptseng/Developer/C/CodonCount-C/CodonCount-C/library/jansson-2.6/build/CMakeFiles/CheckTypeSize/__UINT32.c:20:12: error: use of undeclared identifier '__uint32'; did you mean '__uint32_t'?
  ('0' + ((SIZE / 1000)%10)),
           ^
/Users/ptseng/Developer/C/CodonCount-C/CodonCount-C/library/jansson-2.6/build/CMakeFiles/CheckTypeSize/__UINT32.c:17:22: note: expanded from macro 'SIZE'
#define SIZE (sizeof(__uint32))
                     ^
/usr/include/i386/_types.h:45:23: note: '__uint32_t' declared here
typedef unsigned int            __uint32_t;
                                ^
/Users/ptseng/Developer/C/CodonCount-C/CodonCount-C/library/jansson-2.6/build/CMakeFiles/CheckTypeSize/__UINT32.c:21:12: error: use of undeclared identifier '__uint32'; did you mean '__uint32_t'?
  ('0' + ((SIZE / 100)%10)),
           ^
/Users/ptseng/Developer/C/CodonCount-C/CodonCount-C/library/jansson-2.6/build/CMakeFiles/CheckTypeSize/__UINT32.c:17:22: note: expanded from macro 'SIZE'
#define SIZE (sizeof(__uint32))
                     ^
/usr/include/i386/_types.h:45:23: note: '__uint32_t' declared here
typedef unsigned int            __uint32_t;
                                ^
/Users/ptseng/Developer/C/CodonCount-C/CodonCount-C/library/jansson-2.6/build/CMakeFiles/CheckTypeSize/__UINT32.c:22:12: error: use of undeclared identifier '__uint32'; did you mean '__uint32_t'?
  ('0' + ((SIZE / 10)%10)),
           ^
/Users/ptseng/Developer/C/CodonCount-C/CodonCount-C/library/jansson-2.6/build/CMakeFiles/CheckTypeSize/__UINT32.c:17:22: note: expanded from macro 'SIZE'
#define SIZE (sizeof(__uint32))
                     ^
/usr/include/i386/_types.h:45:23: note: '__uint32_t' declared here
typedef unsigned int            __uint32_t;
                                ^
/Users/ptseng/Developer/C/CodonCount-C/CodonCount-C/library/jansson-2.6/build/CMakeFiles/CheckTypeSize/__UINT32.c:23:12: error: use of undeclared identifier '__uint32'; did you mean '__uint32_t'?
  ('0' +  (SIZE    % 10)),
           ^
/Users/ptseng/Developer/C/CodonCount-C/CodonCount-C/library/jansson-2.6/build/CMakeFiles/CheckTypeSize/__UINT32.c:17:22: note: expanded from macro 'SIZE'
#define SIZE (sizeof(__uint32))
                     ^
/usr/include/i386/_types.h:45:23: note: '__uint32_t' declared here
typedef unsigned int            __uint32_t;
                                ^
5 errors generated.
make[1]: *** [CMakeFiles/cmTryCompileExec759503856.dir/__UINT32.c.o] Error 1
make: *** [cmTryCompileExec759503856/fast] Error 2

/Users/ptseng/Developer/C/CodonCount-C/CodonCount-C/library/jansson-2.6/build/CMakeFiles/CheckTypeSize/__UINT32.c:
#include <sys/types.h>
#include <stdint.h>
#include <stddef.h>


#undef KEY
#if defined(__i386)
# define KEY '_','_','i','3','8','6'
#elif defined(__x86_64)
# define KEY '_','_','x','8','6','_','6','4'
#elif defined(__ppc__)
# define KEY '_','_','p','p','c','_','_'
#elif defined(__ppc64__)
# define KEY '_','_','p','p','c','6','4','_','_'
#endif

#define SIZE (sizeof(__uint32))
char info_size[] =  {'I', 'N', 'F', 'O', ':', 's','i','z','e','[',
  ('0' + ((SIZE / 10000)%10)),
  ('0' + ((SIZE / 1000)%10)),
  ('0' + ((SIZE / 100)%10)),
  ('0' + ((SIZE / 10)%10)),
  ('0' +  (SIZE    % 10)),
  ']',
#ifdef KEY
  ' ','k','e','y','[', KEY, ']',
#endif
  '\0'};

#ifdef __CLASSIC_C__
int main(argc, argv) int argc; char *argv[];
#else
int main(int argc, char *argv[])
#endif
{
  int require = 0;
  require += info_size[argc];
  (void)argv;
  return require;
}


Determining size of SSIZE_T failed with the following output:
Change Dir: /Users/ptseng/Developer/C/CodonCount-C/CodonCount-C/library/jansson-2.6/build/CMakeFiles/CMakeTmp

Run Build Command:/usr/bin/make "cmTryCompileExec248852639/fast"
/Applications/Xcode.app/Contents/Developer/usr/bin/make -f CMakeFiles/cmTryCompileExec248852639.dir/build.make CMakeFiles/cmTryCompileExec248852639.dir/build
/usr/local/Cellar/cmake/2.8.12.2/bin/cmake -E cmake_progress_report /Users/ptseng/Developer/C/CodonCount-C/CodonCount-C/library/jansson-2.6/build/CMakeFiles/CMakeTmp/CMakeFiles 1
Building C object CMakeFiles/cmTryCompileExec248852639.dir/UPPERCASE_SSIZE_T.c.o
/usr/bin/cc    -o CMakeFiles/cmTryCompileExec248852639.dir/UPPERCASE_SSIZE_T.c.o   -c /Users/ptseng/Developer/C/CodonCount-C/CodonCount-C/library/jansson-2.6/build/CMakeFiles/CheckTypeSize/UPPERCASE_SSIZE_T.c
/Users/ptseng/Developer/C/CodonCount-C/CodonCount-C/library/jansson-2.6/build/CMakeFiles/CheckTypeSize/UPPERCASE_SSIZE_T.c:19:12: error: use of undeclared identifier 'SSIZE_T'
  ('0' + ((SIZE / 10000)%10)),
           ^
/Users/ptseng/Developer/C/CodonCount-C/CodonCount-C/library/jansson-2.6/build/CMakeFiles/CheckTypeSize/UPPERCASE_SSIZE_T.c:17:22: note: expanded from macro 'SIZE'
#define SIZE (sizeof(SSIZE_T))
                     ^
/Users/ptseng/Developer/C/CodonCount-C/CodonCount-C/library/jansson-2.6/build/CMakeFiles/CheckTypeSize/UPPERCASE_SSIZE_T.c:20:12: error: use of undeclared identifier 'SSIZE_T'
  ('0' + ((SIZE / 1000)%10)),
           ^
/Users/ptseng/Developer/C/CodonCount-C/CodonCount-C/library/jansson-2.6/build/CMakeFiles/CheckTypeSize/UPPERCASE_SSIZE_T.c:17:22: note: expanded from macro 'SIZE'
#define SIZE (sizeof(SSIZE_T))
                     ^
/Users/ptseng/Developer/C/CodonCount-C/CodonCount-C/library/jansson-2.6/build/CMakeFiles/CheckTypeSize/UPPERCASE_SSIZE_T.c:21:12: error: use of undeclared identifier 'SSIZE_T'
  ('0' + ((SIZE / 100)%10)),
           ^
/Users/ptseng/Developer/C/CodonCount-C/CodonCount-C/library/jansson-2.6/build/CMakeFiles/CheckTypeSize/UPPERCASE_SSIZE_T.c:17:22: note: expanded from macro 'SIZE'
#define SIZE (sizeof(SSIZE_T))
                     ^
/Users/ptseng/Developer/C/CodonCount-C/CodonCount-C/library/jansson-2.6/build/CMakeFiles/CheckTypeSize/UPPERCASE_SSIZE_T.c:22:12: error: use of undeclared identifier 'SSIZE_T'
  ('0' + ((SIZE / 10)%10)),
           ^
/Users/ptseng/Developer/C/CodonCount-C/CodonCount-C/library/jansson-2.6/build/CMakeFiles/CheckTypeSize/UPPERCASE_SSIZE_T.c:17:22: note: expanded from macro 'SIZE'
#define SIZE (sizeof(SSIZE_T))
                     ^
/Users/ptseng/Developer/C/CodonCount-C/CodonCount-C/library/jansson-2.6/build/CMakeFiles/CheckTypeSize/UPPERCASE_SSIZE_T.c:23:12: error: use of undeclared identifier 'SSIZE_T'
  ('0' +  (SIZE    % 10)),
           ^
/Users/ptseng/Developer/C/CodonCount-C/CodonCount-C/library/jansson-2.6/build/CMakeFiles/CheckTypeSize/UPPERCASE_SSIZE_T.c:17:22: note: expanded from macro 'SIZE'
#define SIZE (sizeof(SSIZE_T))
                     ^
5 errors generated.
make[1]: *** [CMakeFiles/cmTryCompileExec248852639.dir/UPPERCASE_SSIZE_T.c.o] Error 1
make: *** [cmTryCompileExec248852639/fast] Error 2

/Users/ptseng/Developer/C/CodonCount-C/CodonCount-C/library/jansson-2.6/build/CMakeFiles/CheckTypeSize/UPPERCASE_SSIZE_T.c:
#include <sys/types.h>
#include <stdint.h>
#include <stddef.h>


#undef KEY
#if defined(__i386)
# define KEY '_','_','i','3','8','6'
#elif defined(__x86_64)
# define KEY '_','_','x','8','6','_','6','4'
#elif defined(__ppc__)
# define KEY '_','_','p','p','c','_','_'
#elif defined(__ppc64__)
# define KEY '_','_','p','p','c','6','4','_','_'
#endif

#define SIZE (sizeof(SSIZE_T))
char info_size[] =  {'I', 'N', 'F', 'O', ':', 's','i','z','e','[',
  ('0' + ((SIZE / 10000)%10)),
  ('0' + ((SIZE / 1000)%10)),
  ('0' + ((SIZE / 100)%10)),
  ('0' + ((SIZE / 10)%10)),
  ('0' +  (SIZE    % 10)),
  ']',
#ifdef KEY
  ' ','k','e','y','[', KEY, ']',
#endif
  '\0'};

#ifdef __CLASSIC_C__
int main(argc, argv) int argc; char *argv[];
#else
int main(int argc, char *argv[])
#endif
{
  int require = 0;
  require += info_size[argc];
  (void)argv;
  return require;
}


Determining if the function _strtoi64 exists failed with the following output:
Change Dir: /Users/ptseng/Developer/C/CodonCount-C/CodonCount-C/library/jansson-2.6/build/CMakeFiles/CMakeTmp

Run Build Command:/usr/bin/make "cmTryCompileExec3651666038/fast"
/Applications/Xcode.app/Contents/Developer/usr/bin/make -f CMakeFiles/cmTryCompileExec3651666038.dir/build.make CMakeFiles/cmTryCompileExec3651666038.dir/build
/usr/local/Cellar/cmake/2.8.12.2/bin/cmake -E cmake_progress_report /Users/ptseng/Developer/C/CodonCount-C/CodonCount-C/library/jansson-2.6/build/CMakeFiles/CMakeTmp/CMakeFiles 1
Building C object CMakeFiles/cmTryCompileExec3651666038.dir/CheckFunctionExists.c.o
/usr/bin/cc   -DCHECK_FUNCTION_EXISTS=_strtoi64   -o CMakeFiles/cmTryCompileExec3651666038.dir/CheckFunctionExists.c.o   -c /usr/local/Cellar/cmake/2.8.12.2/share/cmake/Modules/CheckFunctionExists.c
Linking C executable cmTryCompileExec3651666038
/usr/local/Cellar/cmake/2.8.12.2/bin/cmake -E cmake_link_script CMakeFiles/cmTryCompileExec3651666038.dir/link.txt --verbose=1
/usr/bin/cc   -DCHECK_FUNCTION_EXISTS=_strtoi64 -Wl,-search_paths_first -Wl,-headerpad_max_install_names   CMakeFiles/cmTryCompileExec3651666038.dir/CheckFunctionExists.c.o  -o cmTryCompileExec3651666038  
Undefined symbols for architecture x86_64:
  "__strtoi64", referenced from:
      _main in CheckFunctionExists.c.o
ld: symbol(s) not found for architecture x86_64
clang: error: linker command failed with exit code 1 (use -v to see invocation)
make[1]: *** [cmTryCompileExec3651666038] Error 1
make: *** [cmTryCompileExec3651666038/fast] Error 2


Determining if the function _snprintf exists failed with the following output:
Change Dir: /Users/ptseng/Developer/C/CodonCount-C/CodonCount-C/library/jansson-2.6/build/CMakeFiles/CMakeTmp

Run Build Command:/usr/bin/make "cmTryCompileExec2770931524/fast"
/Applications/Xcode.app/Contents/Developer/usr/bin/make -f CMakeFiles/cmTryCompileExec2770931524.dir/build.make CMakeFiles/cmTryCompileExec2770931524.dir/build
/usr/local/Cellar/cmake/2.8.12.2/bin/cmake -E cmake_progress_report /Users/ptseng/Developer/C/CodonCount-C/CodonCount-C/library/jansson-2.6/build/CMakeFiles/CMakeTmp/CMakeFiles 1
Building C object CMakeFiles/cmTryCompileExec2770931524.dir/CheckFunctionExists.c.o
/usr/bin/cc   -DCHECK_FUNCTION_EXISTS=_snprintf   -o CMakeFiles/cmTryCompileExec2770931524.dir/CheckFunctionExists.c.o   -c /usr/local/Cellar/cmake/2.8.12.2/share/cmake/Modules/CheckFunctionExists.c
Linking C executable cmTryCompileExec2770931524
/usr/local/Cellar/cmake/2.8.12.2/bin/cmake -E cmake_link_script CMakeFiles/cmTryCompileExec2770931524.dir/link.txt --verbose=1
/usr/bin/cc   -DCHECK_FUNCTION_EXISTS=_snprintf -Wl,-search_paths_first -Wl,-headerpad_max_install_names   CMakeFiles/cmTryCompileExec2770931524.dir/CheckFunctionExists.c.o  -o cmTryCompileExec2770931524  
Undefined symbols for architecture x86_64:
  "__snprintf", referenced from:
      _main in CheckFunctionExists.c.o
ld: symbol(s) not found for architecture x86_64
clang: error: linker command failed with exit code 1 (use -v to see invocation)
make[1]: *** [cmTryCompileExec2770931524] Error 1
make: *** [cmTryCompileExec2770931524/fast] Error 2


