Determining if files endian.h exist failed with the following output:
Change Dir: /Users/ptseng/Developer/C/CodonCount-C/CodonCount-C/library/jansson-2.6/CMakeFiles/CMakeTmp

Run Build Command:/usr/local/Cellar/cmake/2.8.12.2/bin/cmakexbuild -project CMAKE_TRY_COMPILE.xcodeproj build -target cmTryCompileExec260052933 -configuration Debug
=== BUILD TARGET cmTryCompileExec260052933 OF PROJECT CMAKE_TRY_COMPILE WITH CONFIGURATION Debug ===

Check dependencies

Write auxiliary files
/bin/mkdir -p /Users/ptseng/Developer/C/CodonCount-C/CodonCount-C/library/jansson-2.6/CMakeFiles/CMakeTmp/CMAKE_TRY_COMPILE.build/Debug/cmTryCompileExec260052933.build/Objects-normal/x86_64
write-file /Users/ptseng/Developer/C/CodonCount-C/CodonCount-C/library/jansson-2.6/CMakeFiles/CMakeTmp/CMAKE_TRY_COMPILE.build/Debug/cmTryCompileExec260052933.build/Objects-normal/x86_64/cmTryCompileExec260052933.LinkFileList

CompileC CMAKE_TRY_COMPILE.build/Debug/cmTryCompileExec260052933.build/Objects-normal/x86_64/CheckIncludeFiles.o CheckIncludeFiles.c normal x86_64 c com.apple.compilers.llvm.clang.1_0.compiler
    cd /Users/ptseng/Developer/C/CodonCount-C/CodonCount-C/library/jansson-2.6/CMakeFiles/CMakeTmp
    export LANG=en_US.US-ASCII
    /Applications/Xcode.app/Contents/Developer/Toolchains/XcodeDefault.xctoolchain/usr/bin/clang -x c -arch x86_64 -fmessage-length=0 -fdiag2014-06-05 14:43:16.563 xcodebuild[67523:30b]  DVTAssertnostics-show-note-include-stack -fmacro-backtrace-limit=0 -Wno-trigraphs -fpascal-strings -O0 -Wno-missing-field-initializers -Wno-missing-prototypes -Wno-return-type -Wno-missing-braces -Wparentheses -Wswitch -Wno-unused-function -Wno-unused-label -Wno-unused-parameter -Wno-unused-variable -Wunused-value -Wno-empty-body -Wno-uninitialized -Wno-unknown-pragmas -Wno-shadow -Wno-four-char-constants -Wno-conversion -Wno-constant-conversion -Wno-int-conversion -Wno-bool-conversion -Wno-enum-conversion -Wno-shorten-64-to-32 -Wpointer-sign -Wno-newline-eof -DCMAKE_INTDIR=\"Debug\" -isysroot /Applications/Xcode.app/Contents/Developer/Platforms/MacOSX.platform/Developer/SDKs/MacOSX10.9.sdk -fasm-blocks -fstrict-aliasing -Wdeprecated-declarations -mmacosx-version-min=10.9 -g -Wno-sign-conversion -I/Users/ptseng/Developer/C/CodonCount-C/CodonCount-C/library/jansson-2.6/CMakeFiles/CMakeTmp/Debug/include -I/Applications/Xcode.app/Contents/Developer/Toolchains/XcodeDefault.xctoolchain/usr/include -I/Users/ptseng/Developerions: Warning in /SourceCache/IDEXcode3ProjectSupport/IDEX/C/CodonCount-C/CodonCount-C/library/jansson-2.6/CMakeFiles/CMakeTmp/CMAKE_TRY_COMPILE.build/Debug/cmTryCompileExec260052933.build/DerivedSources/x86_64 -I/Users/ptseng/Developer/C/CodonCount-C/CodonCount-C/library/jansson-2.6/CMakeFiles/CMakeTmp/CMAKE_TRY_COMPILE.build/Debug/cmTryCompileExec260052933.build/DerivedSources -Wmost -Wno-four-char-constants -Wno-unknown-pragmas -F/Users/ptseng/Developer/C/CodonCount-C/CodonCount-C/library/jansson-2.6/CMakeFiles/CMakeTmp/Debug -MMD -MT dependencies -MF /Users/ptseng/Developer/C/CodonCount-C/CodonCount-C/library/jansson-2.6/CMakeFiles/CMakeTmp/CMAKE_TRY_COMPILE.build/Debug/cmTryCompileExec260052933.build/Objects-normal/x86_64/CheckIncludeFiles.d --serialize-diagnostics /Users/ptseng/Developer/C/CodonCount-C/CodonCount-C/library/jansson-2.6/CMakeFiles/CMakeTmp/CMAKE_TRY_COMPILE.build/Debug/cmTryCompileExec260052933.build/Objects-normal/x86_64/CheckIncludeFiles.dia -c /Users/ptseng/Developer/C/CodonCount-C/CodonCount-C/library/jansson-2.6/CMakeFiles/CMakeTmp/CheckIncludeFiles.c -o /Users/ptseng/Developer/C/CodonCount-C/CodonCount-C/library/jansson-2.6/CMakeFiles/CMakeTmp/CMAKE_TRY_COMPILE.build/Debug/cmTryCompileExec260052933.build/Objects-normal/x86_64/CheckIncludeFiles.o
/Users/ptseng/Developer/C/CodonCount-C/CodonCount-C/library/jansson-2.6/CMakeFiles/CMakeTmp/CheckIncludeFiles.c:2:10: fatal error: 'endian.h' file not found
#include <endian.h>
         ^
1 error generated.

code3ProjectSupport-5069/Xcode3Core/LegacyProjects/Frameworks/DevToolsCore/DevToolsCore/SpecificationTypes/BuiltInSpecifications/Compilers/XCGccMakefileDependencies.m:76
Details:  Failed to load dependencies output contents from ``/Users/ptseng/Developer/C/CodonCount-C/CodonCount-C/library/jansson-2.6/CMakeFiles/CMakeTmp/CMAKE_TRY_COMPILE.build/Debug/cmTryCompileExec260052933.build/Objects-normal/x86_64/CheckIncludeFiles.d''. Error: Error Domain=NSCocoaErrorDomain Code=260 "The file “CheckIncludeFiles.d” couldn’t be opened because there is no such file." UserInfo=0x7fff3e43a010 {NSFilePath=/Users/ptseng/Developer/C/CodonCount-C/CodonCount-C/library/jansson-2.6/CMakeFiles/CMakeTmp/CMAKE_TRY_COMPILE.build/Debug/cmTryCompileExec260052933.build/Objects-normal/x86_64/CheckIncludeFiles.d, NSUnderlyingError=0x7fff3e445810 "The operation couldn’t be completed. No such file or directory"}. User info: {
    NSFilePath = "/Users/ptseng/Developer/C/CodonCount-C/CodonCount-C/library/jansson-2.6/CMakeFiles/CMakeTmp/CMAKE_TRY_COMPILE.build/Debug/cmTryCompileExec260052933.build/Objects-normal/x86_64/CheckIncludeFiles.d";
    NSUnderlyingError = "Error Domain=NSPOSIXErrorDomain Code=2 \"The operation couldn\U2019t be completed. No such file or directory\"";
}.
Function: void XCGccMakefileDependenciesParsePathsFromRuleFile(NSString *__strong, void (^__strong)(NSString *__strong))
Thread:   <NSThread: 0x7fff3e445cc0>{name = (null), num = 7}
Please file a bug at http://bugreport.apple.com with this warning message and any useful information you can provide.
** BUILD FAILED **


The following build commands failed:
	CompileC CMAKE_TRY_COMPILE.build/Debug/cmTryCompileExec260052933.build/Objects-normal/x86_64/CheckIncludeFiles.o CheckIncludeFiles.c normal x86_64 c com.apple.compilers.llvm.clang.1_0.compiler
(1 failure)

Source:
/* */
#include <endian.h>


int main(){return 0;}

Determining size of __int64 failed with the following output:
Change Dir: /Users/ptseng/Developer/C/CodonCount-C/CodonCount-C/library/jansson-2.6/CMakeFiles/CMakeTmp

Run Build Command:/usr/local/Cellar/cmake/2.8.12.2/bin/cmakexbuild -project CMAKE_TRY_COMPILE.xcodeproj build -target cmTryCompileExec3329988095 -configuration Debug
=== BUILD TARGET cmTryCompileExec3329988095 OF PROJECT CMAKE_TRY_COMPILE WITH CONFIGURATION Debug ===

Check dependencies

Write auxiliary files
/bin/mkdir -p /Users/ptseng/Developer/C/CodonCount-C/CodonCount-C/library/jansson-2.6/CMakeFiles/CMakeTmp/CMAKE_TRY_COMPILE.build/Debug/cmTryCompileExec3329988095.build/Objects-normal/x86_64
write-file /Users/ptseng/Developer/C/CodonCount-C/CodonCount-C/library/jansson-2.6/CMakeFiles/CMakeTmp/CMAKE_TRY_COMPILE.build/Debug/cmTryCompileExec3329988095.build/Objects-normal/x86_64/cmTryCompileExec3329988095.LinkFileList

CompileC CMAKE_TRY_COMPILE.build/Debug/cmTryCompileExec3329988095.build/Objects-normal/x86_64/__INT64.o /Users/ptseng/Developer/C/CodonCount-C/CodonCount-C/library/jansson-2.6/CMakeFiles/CheckTypeSize/__INT64.c normal x86_64 c com.apple.compilers.llvm.clang.1_0.compiler
    cd /Users/ptseng/Developer/C/CodonCount-C/CodonCount-C/library/jansson-2.6/CMakeFiles/CMakeTmp
    export LANG=en_US.US-ASCII
    /Applications/Xcode.app/Contents/Developer/Toolchains/** BUILD FAILED **


The following build commands failed:
	CompileC CMAKE_TRY_COMPILE.build/Debug/cmTryCompileExec3329988095.build/Objects-normal/x86_64/__INT64.o /Users/ptseng/Developer/C/CodonCount-C/CodonCount-C/library/jansson-2.6/CMakeFiles/CheckTypeSize/__INT64.c normal x86_64 c com.apple.compilers.llvm.clang.1_0.compiler
(1 failure)
XcodeDefault.xctoolchain/usr/bin/clang -x c -arch x86_64 -fmessage-length=0 -fdiagnostics-show-note-include-stack -fmacro-backtrace-limit=0 -Wno-trigraphs -fpascal-strings -O0 -Wno-missing-field-initializers -Wno-missing-prototypes -Wno-return-type -Wno-missing-braces -Wparentheses -Wswitch -Wno-unused-function -Wno-unused-label -Wno-unused-parameter -Wno-unused-variable -Wunused-value -Wno-empty-body -Wno-uninitialized -Wno-unknown-pragmas -Wno-shadow -Wno-four-char-constants -Wno-conversion -Wno-constant-conversion -Wno-int-conversion -Wno-bool-conversion -Wno-enum-conversion -Wno-shorten-64-to-32 -Wpointer-sign -Wno-newline-eof -DCMAKE_INTDIR=\"Debug\" -isysroot /Applications/Xcode.app/Contents/Developer/Platforms/MacOSX.platform/Developer/SDKs/MacOSX10.9.sdk -fasm-blocks -fstrict-aliasing -Wdeprecated-declarations -mmacosx-version-min=10.9 -g -Wno-sign-conversion -I/Users/ptseng/Developer/C/CodonCount-C/CodonCount-C/library/jansson-2.6/CMakeFiles/CMakeTmp/Debug/include -I/Applications/Xcode.app/Contents/Developer/Toolchains/XcodeDefault.xctoolchain/usr/include -I/Users/ptseng/Developer/C/CodonCount-C/CodonCount-C/library/jansson-2.6/CMakeFiles/CMakeTmp/CMAKE_TRY_COMPILE.build/Debug/cmTryCompileExec3329988095.build/DerivedSources/x86_64 -I/Users/ptseng/Developer/C/CodonCount-C/CodonCount-C/library/jansson-2.6/CMakeFiles/CMakeTmp/CMAKE_TRY_COMPILE.build/Debug/cmTryCompileExec3329988095.build/DerivedSources -Wmost -Wno-four-char-constants -Wno-unknown-pragmas -F/Users/ptseng/Developer/C/CodonCount-C/CodonCount-C/library/jansson-2.6/CMakeFiles/CMakeTmp/Debug -MMD -MT dependencies -MF /Users/ptseng/Developer/C/CodonCount-C/CodonCount-C/library/jansson-2.6/CMakeFiles/CMakeTmp/CMAKE_TRY_COMPILE.build/Debug/cmTryCompileExec3329988095.build/Objects-normal/x86_64/__INT64.d --serialize-diagnostics /Users/ptseng/Developer/C/CodonCount-C/CodonCount-C/library/jansson-2.6/CMakeFiles/CMakeTmp/CMAKE_TRY_COMPILE.build/Debug/cmTryCompileExec3329988095.build/Objects-normal/x86_64/__INT64.dia -c /Users/ptseng/Developer/C/CodonCount-C/CodonCount-C/library/jansson-2.6/CMakeFiles/CheckTypeSize/__INT64.c -o /Users/ptseng/Developer/C/CodonCount-C/CodonCount-C/library/jansson-2.6/CMakeFiles/CMakeTmp/CMAKE_TRY_COMPILE.build/Debug/cmTryCompileExec3329988095.build/Objects-normal/x86_64/__INT64.o
/Users/ptseng/Developer/C/CodonCount-C/CodonCount-C/library/jansson-2.6/CMakeFiles/CheckTypeSize/__INT64.c:19:12: error: use of undeclared identifier '__int64'; did you mean '__int64_t'?
  ('0' + ((SIZE / 10000)%10)),
           ^
/Users/ptseng/Developer/C/CodonCount-C/CodonCount-C/library/jansson-2.6/CMakeFiles/CheckTypeSize/__INT64.c:17:22: note: expanded from macro 'SIZE'
#define SIZE (sizeof(__int64))
                     ^
In file included from /Users/ptseng/Developer/C/CodonCount-C/CodonCount-C/library/jansson-2.6/CMakeFiles/CheckTypeSize/__INT64.c:1:
In file included from /Applications/Xcode.app/Contents/Developer/Platforms/MacOSX.platform/Developer/SDKs/MacOSX10.9.sdk/usr/include/sys/types.h:78:
In file included from /Applications/Xcode.app/Contents/Developer/Platforms/MacOSX.platform/Developer/SDKs/MacOSX10.9.sdk/usr/include/machine/types.h:35:
In file included from /Applications/Xcode.app/Contents/Developer/Platforms/MacOSX.platform/Developer/SDKs/MacOSX10.9.sdk/usr/include/i386/types.h:70:
/Applications/Xcode.app/Contents/Developer/Platforms/MacOSX.platform/Developer/SDKs/MacOSX10.9.sdk/usr/include/i386/_types.h:46:20: note: '__int64_t' declared here
typedef long long               __int64_t;
                                ^
/Users/ptseng/Developer/C/CodonCount-C/CodonCount-C/library/jansson-2.6/CMakeFiles/CheckTypeSize/__INT64.c:20:12: error: use of undeclared identifier '__int64'; did you mean '__int64_t'?
  ('0' + ((SIZE / 1000)%10)),
           ^
/Users/ptseng/Developer/C/CodonCount-C/CodonCount-C/library/jansson-2.6/CMakeFiles/CheckTypeSize/__INT64.c:17:22: note: expanded from macro 'SIZE'
#define SIZE (sizeof(__int64))
                     ^
In file included from /Users/ptseng/Developer/C/CodonCount-C/CodonCount-C/library/jansson-2.6/CMakeFiles/CheckTypeSize/__INT64.c:1:
In file included from /Applications/Xcode.app/Contents/Developer/Platforms/MacOSX.platform/Developer/SDKs/MacOSX10.9.sdk/usr/include/sys/types.h:78:
In file included from /Applications/Xcode.app/Contents/Developer/Platforms/MacOSX.platform/Developer/SDKs/MacOSX10.9.sdk/usr/include/machine/types.h:35:
In file included from /Applications/Xcode.app/Contents/Developer/Platforms/MacOSX.platform/Developer/SDKs/MacOSX10.9.sdk/usr/include/i386/types.h:70:
/Applications/Xcode.app/Contents/Developer/Platforms/MacOSX.platform/Developer/SDKs/MacOSX10.9.sdk/usr/include/i386/_types.h:46:20: note: '__int64_t' declared here
typedef long long               __int64_t;
                                ^
/Users/ptseng/Developer/C/CodonCount-C/CodonCount-C/library/jansson-2.6/CMakeFiles/CheckTypeSize/__INT64.c:21:12: error: use of undeclared identifier '__int64'; did you mean '__int64_t'?
  ('0' + ((SIZE / 100)%10)),
           ^
/Users/ptseng/Developer/C/CodonCount-C/CodonCount-C/library/jansson-2.6/CMakeFiles/CheckTypeSize/__INT64.c:17:22: note: expanded from macro 'SIZE'
#define SIZE (sizeof(__int64))
                     ^
In file included from /Users/ptseng/Developer/C/CodonCount-C/CodonCount-C/library/jansson-2.6/CMakeFiles/CheckTypeSize/__INT64.c:1:
In file included from /Applications/Xcode.app/Contents/Developer/Platforms/MacOSX.platform/Developer/SDKs/MacOSX10.9.sdk/usr/include/sys/types.h:78:
In file included from /Applications/Xcode.app/Contents/Developer/Platforms/MacOSX.platform/Developer/SDKs/MacOSX10.9.sdk/usr/include/machine/types.h:35:
In file included from /Applications/Xcode.app/Contents/Developer/Platforms/MacOSX.platform/Developer/SDKs/MacOSX10.9.sdk/usr/include/i386/types.h:70:
/Applications/Xcode.app/Contents/Developer/Platforms/MacOSX.platform/Developer/SDKs/MacOSX10.9.sdk/usr/include/i386/_types.h:46:20: note: '__int64_t' declared here
typedef long long               __int64_t;
                                ^
/Users/ptseng/Developer/C/CodonCount-C/CodonCount-C/library/jansson-2.6/CMakeFiles/CheckTypeSize/__INT64.c:22:12: error: use of undeclared identifier '__int64'; did you mean '__int64_t'?
  ('0' + ((SIZE / 10)%10)),
           ^
/Users/ptseng/Developer/C/CodonCount-C/CodonCount-C/library/jansson-2.6/CMakeFiles/CheckTypeSize/__INT64.c:17:22: note: expanded from macro 'SIZE'
#define SIZE (sizeof(__int64))
                     ^
In file included from /Users/ptseng/Developer/C/CodonCount-C/CodonCount-C/library/jansson-2.6/CMakeFiles/CheckTypeSize/__INT64.c:1:
In file included from /Applications/Xcode.app/Contents/Developer/Platforms/MacOSX.platform/Developer/SDKs/MacOSX10.9.sdk/usr/include/sys/types.h:78:
In file included from /Applications/Xcode.app/Contents/Developer/Platforms/MacOSX.platform/Developer/SDKs/MacOSX10.9.sdk/usr/include/machine/types.h:35:
In file included from /Applications/Xcode.app/Contents/Developer/Platforms/MacOSX.platform/Developer/SDKs/MacOSX10.9.sdk/usr/include/i386/types.h:70:
/Applications/Xcode.app/Contents/Developer/Platforms/MacOSX.platform/Developer/SDKs/MacOSX10.9.sdk/usr/include/i386/_types.h:46:20: note: '__int64_t' declared here
typedef long long               __int64_t;
                                ^
/Users/ptseng/Developer/C/CodonCount-C/CodonCount-C/library/jansson-2.6/CMakeFiles/CheckTypeSize/__INT64.c:23:12: error: use of undeclared identifier '__int64'; did you mean '__int64_t'?
  ('0' +  (SIZE    % 10)),
           ^
/Users/ptseng/Developer/C/CodonCount-C/CodonCount-C/library/jansson-2.6/CMakeFiles/CheckTypeSize/__INT64.c:17:22: note: expanded from macro 'SIZE'
#define SIZE (sizeof(__int64))
                     ^
In file included from /Users/ptseng/Developer/C/CodonCount-C/CodonCount-C/library/jansson-2.6/CMakeFiles/CheckTypeSize/__INT64.c:1:
In file included from /Applications/Xcode.app/Contents/Developer/Platforms/MacOSX.platform/Developer/SDKs/MacOSX10.9.sdk/usr/include/sys/types.h:78:
In file included from /Applications/Xcode.app/Contents/Developer/Platforms/MacOSX.platform/Developer/SDKs/MacOSX10.9.sdk/usr/include/machine/types.h:35:
In file included from /Applications/Xcode.app/Contents/Developer/Platforms/MacOSX.platform/Developer/SDKs/MacOSX10.9.sdk/usr/include/i386/types.h:70:
/Applications/Xcode.app/Contents/Developer/Platforms/MacOSX.platform/Developer/SDKs/MacOSX10.9.sdk/usr/include/i386/_types.h:46:20: note: '__int64_t' declared here
typedef long long               __int64_t;
                                ^
5 errors generated.


/Users/ptseng/Developer/C/CodonCount-C/CodonCount-C/library/jansson-2.6/CMakeFiles/CheckTypeSize/__INT64.c:
#include <sys/types.h>
#include <stdint.h>
#include <stddef.h>


#undef KEY
#if defined(__i386)
# define KEY '_','_','i','3','8','6'
#elif defined(__x86_64)
# define KEY '_','_','x','8','6','_','6','4'
#elif defined(__ppc__)
# define KEY '_','_','p','p','c','_','_'
#elif defined(__ppc64__)
# define KEY '_','_','p','p','c','6','4','_','_'
#endif

#define SIZE (sizeof(__int64))
char info_size[] =  {'I', 'N', 'F', 'O', ':', 's','i','z','e','[',
  ('0' + ((SIZE / 10000)%10)),
  ('0' + ((SIZE / 1000)%10)),
  ('0' + ((SIZE / 100)%10)),
  ('0' + ((SIZE / 10)%10)),
  ('0' +  (SIZE    % 10)),
  ']',
#ifdef KEY
  ' ','k','e','y','[', KEY, ']',
#endif
  '\0'};

#ifdef __CLASSIC_C__
int main(argc, argv) int argc; char *argv[];
#else
int main(int argc, char *argv[])
#endif
{
  int require = 0;
  require += info_size[argc];
  (void)argv;
  return require;
}


Determining size of __int32 failed with the following output:
Change Dir: /Users/ptseng/Developer/C/CodonCount-C/CodonCount-C/library/jansson-2.6/CMakeFiles/CMakeTmp

Run Build Command:/usr/local/Cellar/cmake/2.8.12.2/bin/cmakexbuild -project CMAKE_TRY_COMPILE.xcodeproj build -target cmTryCompileExec4136046402 -configuration Debug
=== BUILD TARGET cmTryCompileExec4136046402 OF PROJECT CMAKE_TRY_COMPILE WITH CONFIGURATION Debug ===

Check dependencies

Write auxiliary files
/bin/mkdir -p /Users/ptseng/Developer/C/CodonCount-C/CodonCount-C/library/jansson-2.6/CMakeFiles/CMakeTmp/CMAKE_TRY_COMPILE.build/Debug/cmTryCompileExec4136046402.build/Objects-normal/x86_64
write-file /Users/ptseng/Developer/C/CodonCount-C/CodonCount-C/library/jansson-2.6/CMakeFiles/CMakeTmp/CMAKE_TRY_COMPILE.build/Debug/cmTryCompileExec4136046402.build/Objects-normal/x86_64/cmTryCompileExec4136046402.LinkFileList

CompileC CMAKE_TRY_COMPILE.build/Debug/cmTryCompileExec4136046402.build/Objects-normal/x86_64/__INT32.o /Users/ptseng/Developer/C/CodonCount-C/CodonCount-C/library/jansson-2.6/CMakeFiles/CheckTypeSize/__INT32.c normal x86_64 c com.apple.compilers.llvm.clang.1_0.compiler
    cd /Users/ptseng/Developer/C/CodonCount-C/CodonCount-C/library/jansson-2.6/CMakeFiles/CMakeTmp
    export LANG=en_US.US-ASCII
    /Applications/Xcode.app/Contents/Developer/Toolchains/** BUILD FAILED **


The following build commands failed:
	CompileC CMAKE_TRY_COMPILE.build/Debug/cmTryCompileExec4136046402.build/Objects-normal/x86_64/__INT32.o /Users/ptseng/Developer/C/CodonCount-C/CodonCount-C/library/jansson-2.6/CMakeFiles/CheckTypeSize/__INT32.c normal x86_64 c com.apple.compilers.llvm.clang.1_0.cXcodeDefault.xctoolchain/usr/bin/clang -x c -arch x86_64 -fmessage-length=0 -fdiagnostics-show-note-include-stack -fmacro-backtrace-limit=0 -Wno-trigraphs -fpascal-strings -O0 -Wno-missing-field-initializers -Wno-missing-prototypes -Wno-return-type -Wno-missing-braces -Wparentheses -Wswitch -Wno-unused-function -Wno-unused-label -Wno-unused-parameter -Wno-unused-variable -Wunused-value -Wno-empty-body -Wno-uninitialized -Wno-unknown-pragmas -Wno-shadow -Wno-four-char-constants -Wno-conversion -Wno-constant-conversion -Wno-int-conversion -Wno-bool-conversion -Wno-enum-conversion -Wno-shorten-64-to-32 -Wpointer-sign -Wno-newline-eof -DCMAKE_INTDIR=\"Debug\" -isysroot /Applications/Xcode.app/Contents/Developer/Platforms/MacOSX.platform/Developer/SDKs/MacOSX10.9.sdk -fasm-blocks -fstrict-aliasing -Wdeprecated-declarations -mmacosx-version-min=10.9 -g -Wno-sign-conversion -I/Users/ptseng/Developer/C/CodonCount-C/CodonCount-C/library/jansson-2.6/CMakeFiles/CMakeTmp/Debug/include -I/Applications/Xcode.app/Contents/Developer/Toolchains/XcodeDefault.xctoolchain/usr/include -I/Users/ptseng/Developer/C/CodonCount-C/CodonCount-C/library/jansson-2.6/CMakeFiles/CMakeTmp/CMAKE_TRY_COMPILE.build/Debug/cmTryCompileExec4136046402.build/DerivedSources/x86_64 -I/Users/ptseng/Developer/C/CodonCount-C/CodonCount-C/library/jansson-2.6/CMakeFiles/CMakeTmp/CMAKE_TRY_COMPILE.build/Debug/cmTryCompileExec4136046402.build/DerivedSources -Wmost -Wno-four-char-constants -Wno-unknown-pragmas -F/Users/ptseng/Developer/C/CodonCount-C/CodonCount-C/library/jansson-2.6/CMakeFiles/CMakeTmp/Debug -MMD -MT dependencies -MF /Users/ptseng/Developer/C/CodonCount-C/CodonCount-C/library/jansson-2.6/CMakeFiles/CMakeTmp/CMAKE_TRY_COMPILE.build/Debug/cmTryCompileExec4136046402.build/Objects-normal/x86_64/__INT32.d --serialize-diagnostics /Users/ptseng/Developer/C/CodonCount-C/CodonCount-C/library/jansson-2.6/CMakeFiles/CMakeTmp/CMAKE_TRY_COMPILE.build/Debug/cmTryCompileExec4136046402.build/Objects-normal/x86_64/__INT32.dia -c /Users/ptseng/Developer/C/CodonCouompiler
nt-C/CodonCount-C/library/jansson-2.6/CMakeFiles/CheckTypeSize/__INT32.c -o /Users/ptseng/Developer/C/CodonCount-C/CodonCount-C/library/jansson-2.6/CMakeFiles/CMakeTmp/CMAKE_TRY_COMPILE.build/Debug/cmTryCompileExec4136046402.build/Objects-normal/x86_64/__INT32.o
/Users/ptseng/Developer/C/CodonCount-C/CodonCount-C/library/jansson-2.6/CMakeFiles/CheckTypeSize/__INT32.c:19:12: error: use of undeclared identifier '__int32'; did you mean '__int32_t'?
  ('0' + ((SIZE / 10000)%10)),
           ^
/Users/ptseng/Developer/C/CodonCount-C/CodonCount-C/library/jansson-2.6/CMakeFiles/CheckTypeSize/__INT32.c:17:22: note: expanded from macro 'SIZE'
#define SIZE (sizeof(__int32))
                     ^
In file included from /Users/ptseng/Developer/C/CodonCount-C/CodonCount-C/library/jansson-2.6/CMakeFiles/CheckTypeSize/__INT32.c:1:
In file included from /Applications/Xcode.app/Contents/Developer/Platforms/MacOSX.platform/Developer/SDKs/MacOSX10.9.sdk/usr/include/sys/types.h:78:
In file included from /Applications/Xcode.app/Contents/Developer/Platforms/MacOSX.platform/Developer/SDKs/MacOSX10.9.sdk/usr/include/machine/types.h:35:
In file included from /Applications/Xcode.app/Contents/Developer/Platforms/MacOSX.platform/Developer/SDKs/MacOSX10.9.sdk/usr/include/i386/types.h:70:
/Applications/Xcode.app/Contents/Developer/Platforms/MacOSX.platform/Developer/SDKs/MacOSX10.9.sdk/usr/include/i386/_types.h:44:15: note: '__int32_t' declared here
typedef int                     __int32_t;
                                ^
/Users/ptseng/Developer/C/CodonCount-C/CodonCount-C/library/jansson-2.6/CMakeFiles/CheckTypeSize/__INT32.c:20:12: error: use of undeclared identifier '__int32'; did you mean '__int32_t'?
  ('0' + ((SIZE / 1000)%10)),
           ^
/Users/ptseng/Developer/C/CodonCount-C/CodonCount-C/library/jansson-2.6/CMakeFiles/CheckTypeSize/__INT32.c:17:22: note: expanded from macro 'SIZE'
#define SIZE (sizeof(__int32))
                     ^
In file included from /Users/ptseng/Developer/C/CodonCount-C/CodonCount-C/library/jansson-2.6/CMa(1 keFiles/CheckTypeSize/__INT32.c:1:
In file included from /Applications/Xcode.app/Contents/Developer/Platforms/MacOSX.platform/Developer/SDKs/MacOSX10.9.sdk/usr/include/sys/types.h:78:
In file included from /Applications/Xcode.app/Contents/Developer/Platforms/MacOSX.platform/Developer/SDKs/MacOSX10.9.sdk/usr/include/machine/types.h:35:
In file included from /Applications/Xcode.app/Contents/Developer/Platforms/MacOSX.platform/Developer/SDKs/MacOSX10.9.sdk/usr/include/i386/types.h:70:
/Applications/Xcode.app/Contents/Developer/Platforms/MacOSX.platform/Developer/SDKs/MacOSX10.9.sdk/usr/include/i386/_types.h:44:15: note: '__int32_t' declared here
typedef int                     __int32_t;
                                ^
/Users/ptseng/Developer/C/CodonCount-C/CodonCount-C/library/jansson-2.6/CMakeFiles/CheckTypeSize/__INT32.c:21:12: error: use of undeclared identifier '__int32'; did you mean '__int32_t'?
  ('0' + ((SIZE / 100)%10)),
           ^
/Users/ptseng/Developer/C/CodonCount-C/CodonCount-C/library/janssonfailure-2.6/CMakeFiles/CheckTypeSize/__INT32.c:17:22: note: expanded from macro 'SIZE'
#define SIZE (sizeof(__int32))
                     ^
In file included from /Users/ptseng/Developer/C/CodonCount-C/CodonCount-C/library/jansson-2.6/CMakeFiles/CheckTypeSize/__INT32.c:1:
In file included from /Applications/Xcode.app/Contents/Developer/Platforms/MacOSX.platform/Developer/SDKs/MacOSX10.9.sdk/usr/include/sys/types.h:78:
In file included from /Applications/Xcode.app/Contents/Developer/Platforms/MacOSX.platform/Developer/SDKs/MacOSX10.9.sdk/usr/include/machine/types.h:35:
In file included from /Applications/Xcode.app/Contents/Developer/Platforms/MacOSX.platform/Developer/SDKs/MacOSX10.9.sdk/usr/include/i386/types.h:70:
/Applications/Xcode.app/Contents/Developer/Platforms/MacOSX.platform/Developer/SDKs/MacOSX10.9.sdk/usr/include/i386/_types.h:44:15: note: '__int32_t' declared here
typedef int                     __int32_t;
                                ^
/Users/ptseng/Developer/C/CodonCount-C/CodonCount-C/library/janss)
on-2.6/CMakeFiles/CheckTypeSize/__INT32.c:22:12: error: use of undeclared identifier '__int32'; did you mean '__int32_t'?
  ('0' + ((SIZE / 10)%10)),
           ^
/Users/ptseng/Developer/C/CodonCount-C/CodonCount-C/library/jansson-2.6/CMakeFiles/CheckTypeSize/__INT32.c:17:22: note: expanded from macro 'SIZE'
#define SIZE (sizeof(__int32))
                     ^
In file included from /Users/ptseng/Developer/C/CodonCount-C/CodonCount-C/library/jansson-2.6/CMakeFiles/CheckTypeSize/__INT32.c:1:
In file included from /Applications/Xcode.app/Contents/Developer/Platforms/MacOSX.platform/Developer/SDKs/MacOSX10.9.sdk/usr/include/sys/types.h:78:
In file included from /Applications/Xcode.app/Contents/Developer/Platforms/MacOSX.platform/Developer/SDKs/MacOSX10.9.sdk/usr/include/machine/types.h:35:
In file included from /Applications/Xcode.app/Contents/Developer/Platforms/MacOSX.platform/Developer/SDKs/MacOSX10.9.sdk/usr/include/i386/types.h:70:
/Applications/Xcode.app/Contents/Developer/Platforms/MacOSX.platform/Developer/SDKs/MacOSX10.9.sdk/usr/include/i386/_types.h:44:15: note: '__int32_t' declared here
typedef int                     __int32_t;
                                ^
/Users/ptseng/Developer/C/CodonCount-C/CodonCount-C/library/jansson-2.6/CMakeFiles/CheckTypeSize/__INT32.c:23:12: error: use of undeclared identifier '__int32'; did you mean '__int32_t'?
  ('0' +  (SIZE    % 10)),
           ^
/Users/ptseng/Developer/C/CodonCount-C/CodonCount-C/library/jansson-2.6/CMakeFiles/CheckTypeSize/__INT32.c:17:22: note: expanded from macro 'SIZE'
#define SIZE (sizeof(__int32))
                     ^
In file included from /Users/ptseng/Developer/C/CodonCount-C/CodonCount-C/library/jansson-2.6/CMakeFiles/CheckTypeSize/__INT32.c:1:
In file included from /Applications/Xcode.app/Contents/Developer/Platforms/MacOSX.platform/Developer/SDKs/MacOSX10.9.sdk/usr/include/sys/types.h:78:
In file included from /Applications/Xcode.app/Contents/Developer/Platforms/MacOSX.platform/Developer/SDKs/MacOSX10.9.sdk/usr/include/machine/types.h:35:
In file included from /Applications/Xcode.app/Contents/Developer/Platforms/MacOSX.platform/Developer/SDKs/MacOSX10.9.sdk/usr/include/i386/types.h:70:
/Applications/Xcode.app/Contents/Developer/Platforms/MacOSX.platform/Developer/SDKs/MacOSX10.9.sdk/usr/include/i386/_types.h:44:15: note: '__int32_t' declared here
typedef int                     __int32_t;
                                ^
5 errors generated.


/Users/ptseng/Developer/C/CodonCount-C/CodonCount-C/library/jansson-2.6/CMakeFiles/CheckTypeSize/__INT32.c:
#include <sys/types.h>
#include <stdint.h>
#include <stddef.h>


#undef KEY
#if defined(__i386)
# define KEY '_','_','i','3','8','6'
#elif defined(__x86_64)
# define KEY '_','_','x','8','6','_','6','4'
#elif defined(__ppc__)
# define KEY '_','_','p','p','c','_','_'
#elif defined(__ppc64__)
# define KEY '_','_','p','p','c','6','4','_','_'
#endif

#define SIZE (sizeof(__int32))
char info_size[] =  {'I', 'N', 'F', 'O', ':', 's','i','z','e','[',
  ('0' + ((SIZE / 10000)%10)),
  ('0' + ((SIZE / 1000)%10)),
  ('0' + ((SIZE / 100)%10)),
  ('0' + ((SIZE / 10)%10)),
  ('0' +  (SIZE    % 10)),
  ']',
#ifdef KEY
  ' ','k','e','y','[', KEY, ']',
#endif
  '\0'};

#ifdef __CLASSIC_C__
int main(argc, argv) int argc; char *argv[];
#else
int main(int argc, char *argv[])
#endif
{
  int require = 0;
  require += info_size[argc];
  (void)argv;
  return require;
}


Determining size of __uint32 failed with the following output:
Change Dir: /Users/ptseng/Developer/C/CodonCount-C/CodonCount-C/library/jansson-2.6/CMakeFiles/CMakeTmp

Run Build Command:/usr/local/Cellar/cmake/2.8.12.2/bin/cmakexbuild -project CMAKE_TRY_COMPILE.xcodeproj build -target cmTryCompileExec1810384983 -configuration Debug
=== BUILD TARGET cmTryCompileExec1810384983 OF PROJECT CMAKE_TRY_COMPILE WITH CONFIGURATION Debug ===

Check dependencies

Write auxiliary files
/bin/mkdir -p /Users/ptseng/Developer/C/CodonCount-C/CodonCount-C/library/jansson-2.6/CMakeFiles/CMakeTmp/CMAKE_TRY_COMPILE.build/Debug/cmTryCompileExec1810384983.build/Objects-normal/x86_64
write-file /Users/ptseng/Developer/C/CodonCount-C/CodonCount-C/library/jansson-2.6/CMakeFiles/CMakeTmp/CMAKE_TRY_COMPILE.build/Debug/cmTryCompileExec1810384983.build/Objects-normal/x86_64/cmTryCompileExec1810384983.LinkFileList

CompileC CMAKE_TRY_COMPILE.build/Debug/cmTryCompileExec1810384983.build/Objects-normal/x86_64/__UINT32.o /Users/ptseng/Developer/C/CodonCount-C/CodonCount-C/library/jansson-2.6/CMakeFiles/CheckTypeSize/__UINT32.c normal x86_64 c com.apple.compilers.llvm.clang.1_0.compiler
    cd /Users/ptseng/Developer/C/CodonCount-C/CodonCount-C/library/jansson-2.6/CMakeFiles/CMakeTmp
    export LANG=en_US.US-ASCII
    /Applications/Xcode.app/Contents/Developer/Toolchain** BUILD FAILED **


The following build commands failed:
	CompileC CMAKE_TRY_COMPILE.build/Debug/cmTryCompileExec1810384983.build/Objects-normal/xs/XcodeDefault.xctoolchain/usr/bin/clang -x c -arch x86_64 -fmessage-length=0 -fdiagnostics-show-note-include-stack -fmacro-backtrace-limit=0 -Wno-trigraphs -fpascal-strings -O0 -Wno-missing-field-initializers -Wno-missing-prototypes -Wno-return-type -Wno-missing-braces -Wparentheses -Wswitch -Wno-unused-function -Wno-unused-label -Wno-unused-parameter -Wno-unused-variable -Wunused-value -Wno-empty-body -Wno-uninitialized -Wno-unknown-pragmas -Wno-shadow -Wno-four-char-constants -Wno-conversion -Wno-constant-conversion -Wno-int-conversion -Wno-bool-conversion -Wno-enum-conversion -Wno-shorten-64-to-32 -Wpointer-sign -Wno-newline-eof -DCMAKE_INTDIR=\"Debug\" -isysroot /Applications/Xcode.app/Contents/Developer/Platforms/MacOSX.platform/Developer/SDKs/MacOSX10.9.sdk -fasm-blocks -fstrict-aliasing -Wdeprecated-declarations -mmacosx-version-min=10.9 -g -Wno-sign-conversion -I/Users/ptseng/Developer/C/CodonCount-C/CodonCount-C/library/jansson-2.6/CMakeFiles/CMakeTmp/Debug/include -I/Applications/Xcode.app/Contents/Developer/Toolchains/XcodeDefault.xctoolchain/usr/include -I/Users/ptseng/Developer/C/CodonCount-C/CodonCount-C/library/jansson-2.6/CMakeFiles/CMakeTmp/CMAKE_TRY_COMPILE.build/Debug/cmTryCompileExec1810384983.build/DerivedSources/x86_64 -I/Users/ptseng/Developer/C/CodonCount-C/CodonCount-C/library/jansson-2.6/CMakeFiles/CMakeTmp/CMAKE_TRY_COMPILE.build/Debug/cmTryCompileExec1810384983.build/DerivedSources -Wmost -Wno-four-char-constants -Wno-unknown-pragmas -F/Users/ptseng/Developer/C/CodonCount-C/CodonCount-C/library/jansson-2.6/CMakeFiles/CMakeTmp/Debug -MMD -MT dependencies -MF /Users/ptseng/Developer/C/CodonCount-C/CodonCount-C/library/jansson-2.6/CMakeFiles/CMakeTmp/CMAKE_TRY_COMPILE.build/Debug/cmTryCompileExec1810384983.build/Objects-normal/x86_64/__UINT32.d --serialize-diagnostics /Users/ptseng/Developer/C/CodonCount-C/CodonCount-C/library/jansson-2.6/CMakeFiles/CMakeTmp/CMAKE_TRY_COMPILE.build/Debug/cmTryCompileExec1810384983.build/Objects-normal/x86_64/__UINT32.dia -c /Users/ptseng/Developer/C/CodonCount-C/CodonCount-C/library/jansson-2.6/CMakeFiles/CheckTypeSize/__UINT32.c -o /Users/ptseng/Developer/C/CodonCount-C/CodonCount-C/library/jansson-2.6/CMakeFiles/CMakeTmp/CMAKE_TRY_COMPILE.build/Debug/cmTryCompileExec1810384983.build/Objects-normal/x86_64/__UINT32.o
/Users/ptseng/Developer/C/CodonCount-C/CodonCount-C/library/jansson-2.6/CMakeFiles/CheckTypeSize/__UINT32.c:19:12: error: use of undeclared identifier '__uint32'; did you mean '__uint32_t'?
  ('0' + ((SIZE / 10000)%10)),
           ^
/Users/ptseng/Developer/C/CodonCount-C/CodonCount-C/library/jansson-2.6/CMakeFiles/CheckTypeSize/__UINT32.c:17:22: note: expanded from macro 'SIZE'
#define SIZE (sizeof(__uint32))
                     ^
In file included from /Users/ptseng/Developer/C/CodonCount-C/CodonCount-C/library/jansson-2.6/CMakeFiles/CheckTypeSize/__UINT32.c:1:
In file included from /Applications/Xcode.app/Contents/Developer/Platforms/MacOSX.platform/Developer/SDKs/MacOSX10.9.sdk/usr/include/sys/types.h:78:
In file included from /Applications/86_64/__UINT32.o /Users/ptseng/Developer/C/CodonCount-C/CodonCount-C/library/jansson-2.6/CMakeFiles/CheckTypeSize/__UINT32.c normal x86_64 c com.apple.compilers.llvm.clang.1_0.compiler
(1 failure)
Xcode.app/Contents/Developer/Platforms/MacOSX.platform/Developer/SDKs/MacOSX10.9.sdk/usr/include/machine/types.h:35:
In file included from /Applications/Xcode.app/Contents/Developer/Platforms/MacOSX.platform/Developer/SDKs/MacOSX10.9.sdk/usr/include/i386/types.h:70:
/Applications/Xcode.app/Contents/Developer/Platforms/MacOSX.platform/Developer/SDKs/MacOSX10.9.sdk/usr/include/i386/_types.h:45:23: note: '__uint32_t' declared here
typedef unsigned int            __uint32_t;
                                ^
/Users/ptseng/Developer/C/CodonCount-C/CodonCount-C/library/jansson-2.6/CMakeFiles/CheckTypeSize/__UINT32.c:20:12: error: use of undeclared identifier '__uint32'; did you mean '__uint32_t'?
  ('0' + ((SIZE / 1000)%10)),
           ^
/Users/ptseng/Developer/C/CodonCount-C/CodonCount-C/library/jansson-2.6/CMakeFiles/CheckTypeSize/__UINT32.c:17:22: note: expanded from macro 'SIZE'
#define SIZE (sizeof(__uint32))
                     ^
In file included from /Users/ptseng/Developer/C/CodonCount-C/CodonCount-C/library/jansson-2.6/CMakeFiles/CheckTypeSize/__UINT32.c:1:
In file included from /Applications/Xcode.app/Contents/Developer/Platforms/MacOSX.platform/Developer/SDKs/MacOSX10.9.sdk/usr/include/sys/types.h:78:
In file included from /Applications/Xcode.app/Contents/Developer/Platforms/MacOSX.platform/Developer/SDKs/MacOSX10.9.sdk/usr/include/machine/types.h:35:
In file included from /Applications/Xcode.app/Contents/Developer/Platforms/MacOSX.platform/Developer/SDKs/MacOSX10.9.sdk/usr/include/i386/types.h:70:
/Applications/Xcode.app/Contents/Developer/Platforms/MacOSX.platform/Developer/SDKs/MacOSX10.9.sdk/usr/include/i386/_types.h:45:23: note: '__uint32_t' declared here
typedef unsigned int            __uint32_t;
                                ^
/Users/ptseng/Developer/C/CodonCount-C/CodonCount-C/library/jansson-2.6/CMakeFiles/CheckTypeSize/__UINT32.c:21:12: error: use of undeclared identifier '__uint32'; did you mean '__uint32_t'?
  ('0' + ((SIZE / 100)%10)),
           ^
/Users/ptseng/Developer/C/CodonCount-C/CodonCount-C/library/jansson-2.6/CMakeFiles/CheckTypeSize/__UINT32.c:17:22: note: expanded from macro 'SIZE'
#define SIZE (sizeof(__uint32))
                     ^
In file included from /Users/ptseng/Developer/C/CodonCount-C/CodonCount-C/library/jansson-2.6/CMakeFiles/CheckTypeSize/__UINT32.c:1:
In file included from /Applications/Xcode.app/Contents/Developer/Platforms/MacOSX.platform/Developer/SDKs/MacOSX10.9.sdk/usr/include/sys/types.h:78:
In file included from /Applications/Xcode.app/Contents/Developer/Platforms/MacOSX.platform/Developer/SDKs/MacOSX10.9.sdk/usr/include/machine/types.h:35:
In file included from /Applications/Xcode.app/Contents/Developer/Platforms/MacOSX.platform/Developer/SDKs/MacOSX10.9.sdk/usr/include/i386/types.h:70:
/Applications/Xcode.app/Contents/Developer/Platforms/MacOSX.platform/Developer/SDKs/MacOSX10.9.sdk/usr/include/i386/_types.h:45:23: note: '__uint32_t' declared here
typedef unsigned int            __uint32_t;
                                ^
/Users/ptseng/Developer/C/CodonCount-C/CodonCount-C/library/jansson-2.6/CMakeFiles/CheckTypeSize/__UINT32.c:22:12: error: use of undeclared identifier '__uint32'; did you mean '__uint32_t'?
  ('0' + ((SIZE / 10)%10)),
           ^
/Users/ptseng/Developer/C/CodonCount-C/CodonCount-C/library/jansson-2.6/CMakeFiles/CheckTypeSize/__UINT32.c:17:22: note: expanded from macro 'SIZE'
#define SIZE (sizeof(__uint32))
                     ^
In file included from /Users/ptseng/Developer/C/CodonCount-C/CodonCount-C/library/jansson-2.6/CMakeFiles/CheckTypeSize/__UINT32.c:1:
In file included from /Applications/Xcode.app/Contents/Developer/Platforms/MacOSX.platform/Developer/SDKs/MacOSX10.9.sdk/usr/include/sys/types.h:78:
In file included from /Applications/Xcode.app/Contents/Developer/Platforms/MacOSX.platform/Developer/SDKs/MacOSX10.9.sdk/usr/include/machine/types.h:35:
In file included from /Applications/Xcode.app/Contents/Developer/Platforms/MacOSX.platform/Developer/SDKs/MacOSX10.9.sdk/usr/include/i386/types.h:70:
/Applications/Xcode.app/Contents/Developer/Platforms/MacOSX.platform/Developer/SDKs/MacOSX10.9.sdk/usr/include/i386/_types.h:45:23: note: '__uint32_t' declared here
typedef unsigned int            __uint32_t;
                                ^
/Users/ptseng/Developer/C/CodonCount-C/CodonCount-C/library/jansson-2.6/CMakeFiles/CheckTypeSize/__UINT32.c:23:12: error: use of undeclared identifier '__uint32'; did you mean '__uint32_t'?
  ('0' +  (SIZE    % 10)),
           ^
/Users/ptseng/Developer/C/CodonCount-C/CodonCount-C/library/jansson-2.6/CMakeFiles/CheckTypeSize/__UINT32.c:17:22: note: expanded from macro 'SIZE'
#define SIZE (sizeof(__uint32))
                     ^
In file included from /Users/ptseng/Developer/C/CodonCount-C/CodonCount-C/library/jansson-2.6/CMakeFiles/CheckTypeSize/__UINT32.c:1:
In file included from /Applications/Xcode.app/Contents/Developer/Platforms/MacOSX.platform/Developer/SDKs/MacOSX10.9.sdk/usr/include/sys/types.h:78:
In file included from /Applications/Xcode.app/Contents/Developer/Platforms/MacOSX.platform/Developer/SDKs/MacOSX10.9.sdk/usr/include/machine/types.h:35:
In file included from /Applications/Xcode.app/Contents/Developer/Platforms/MacOSX.platform/Developer/SDKs/MacOSX10.9.sdk/usr/include/i386/types.h:70:
/Applications/Xcode.app/Contents/Developer/Platforms/MacOSX.platform/Developer/SDKs/MacOSX10.9.sdk/usr/include/i386/_types.h:45:23: note: '__uint32_t' declared here
typedef unsigned int            __uint32_t;
                                ^
5 errors generated.


/Users/ptseng/Developer/C/CodonCount-C/CodonCount-C/library/jansson-2.6/CMakeFiles/CheckTypeSize/__UINT32.c:
#include <sys/types.h>
#include <stdint.h>
#include <stddef.h>


#undef KEY
#if defined(__i386)
# define KEY '_','_','i','3','8','6'
#elif defined(__x86_64)
# define KEY '_','_','x','8','6','_','6','4'
#elif defined(__ppc__)
# define KEY '_','_','p','p','c','_','_'
#elif defined(__ppc64__)
# define KEY '_','_','p','p','c','6','4','_','_'
#endif

#define SIZE (sizeof(__uint32))
char info_size[] =  {'I', 'N', 'F', 'O', ':', 's','i','z','e','[',
  ('0' + ((SIZE / 10000)%10)),
  ('0' + ((SIZE / 1000)%10)),
  ('0' + ((SIZE / 100)%10)),
  ('0' + ((SIZE / 10)%10)),
  ('0' +  (SIZE    % 10)),
  ']',
#ifdef KEY
  ' ','k','e','y','[', KEY, ']',
#endif
  '\0'};

#ifdef __CLASSIC_C__
int main(argc, argv) int argc; char *argv[];
#else
int main(int argc, char *argv[])
#endif
{
  int require = 0;
  require += info_size[argc];
  (void)argv;
  return require;
}


Determining size of SSIZE_T failed with the following output:
Change Dir: /Users/ptseng/Developer/C/CodonCount-C/CodonCount-C/library/jansson-2.6/CMakeFiles/CMakeTmp

Run Build Command:/usr/local/Cellar/cmake/2.8.12.2/bin/cmakexbuild -project CMAKE_TRY_COMPILE.xcodeproj build -target cmTryCompileExec1898458009 -configuration Debug
=== BUILD TARGET cmTryCompileExec1898458009 OF PROJECT CMAKE_TRY_COMPILE WITH CONFIGURATION Debug ===

Check dependencies

Write auxiliary files
/bin/mkdir -p /Users/ptseng/Developer/C/CodonCount-C/CodonCount-C/library/jansson-2.6/CMakeFiles/CMakeTmp/CMAKE_TRY_COMPILE.build/Debug/cmTryCompileExec1898458009.build/Objects-normal/x86_64
write-file /Users/ptseng/Developer/C/CodonCount-C/CodonCount-C/library/jansson-2.6/CMakeFiles/CMakeTmp/CMAKE_TRY_COMPILE.build/Debug/cmTryCompileExec1898458009.build/Objects-normal/x86_64/cmTryCompileExec1898458009.LinkFileList

CompileC CMAKE_TRY_COMPILE.build/Debug/cmTryCompileExec1898458009.build/Objects-normal/x86_64/UPPERCASE_SSIZE_T.o /Users/ptseng/Developer/C/CodonCount-C/CodonCount-C/library/jansson-2.6/CMakeFiles/CheckTypeSize/UPPERCASE_SSIZE_T.c normal x86_64 c com.apple.compilers.llvm.clang.1_0.compiler
    cd /Users/ptseng/Developer/C/CodonCount-C/CodonCount-C/library/jansson-2.6/CMakeFiles/CMakeTmp
    export LANG=en_US.US-ASCII
    /Applications/Xcode.app/Contents/D** BUILD FAILED **


The following build ceveloper/Toolchains/XcodeDefault.xctoolchain/usr/bin/clang -x c -arch x86_64 -fmessage-length=0 -fdiagnostics-show-note-include-stack -fmacro-backtrace-limit=0 -Wno-trigraphs -fpascal-strings -O0 -Wno-missing-field-initializers -Wno-missing-prototypes -Wno-return-type -Wno-missing-braces -Wparentheses -Wswitch -Wno-unused-function -Wno-unused-label -Wno-unused-parameter -Wno-unused-variable -Wunused-value -Wno-empty-body -Wno-uninitialized -Wno-unknown-pragmas -Wno-shadow -Wno-four-char-constants -Wno-conversion -Wno-constant-conversion -Wno-int-conversion -Wno-bool-conversion -Wno-enum-conversion -Wno-shorten-64-to-32 -Wpointer-sign -Wno-newline-eof -DCMAKE_INTDIR=\"Debug\" -isysroot /Applications/Xcode.app/Contents/Developer/Platforms/MacOSX.platform/Developer/SDKs/MacOSX10.9.sdk -fasm-blocks -fstrict-aliasing -Wdeprecated-declarations -mmacosx-version-min=10.9 -g -Wno-sign-conversion -I/Users/ptseng/Developer/C/CodonCount-C/CodonCount-C/library/jansson-2.6/CMakeFiles/CMakeTmp/Debug/include -I/Applications/ommands failedXcode.app/Contents/Developer/Toolchains/XcodeDefault.xctoolchain/usr/include -I/Users/ptseng/Developer/C/CodonCount-C/CodonCount-C/library/jansson-2.6/CMakeFiles/CMakeTmp/CMAKE_TRY_COMPILE.build/Debug/cmTryCompileExec1898458009.build/DerivedSources/x86_64 -I/Users/ptseng/Developer/C/CodonCount-C/CodonCount-C/library/jansson-2.6/CMakeFiles/CMakeTmp/CMAKE_TRY_COMPILE.build/Debug/cmTryCompileExec1898458009.build/DerivedSources -Wmost -Wno-four-char-constants -Wno-unknown-pragmas -F/Users/ptseng/Developer/C/CodonCount-C/CodonCount-C/library/jansson-2.6/CMakeFiles/CMakeTmp/Debug -MMD -MT dependencies -MF /Users/ptseng/Developer/C/CodonCount-C/CodonCount-C/library/jansson-2.6/CMakeFiles/CMakeTmp/CMAKE_TRY_COMPILE.build/Debug/cmTryCompileExec1898458009.build/Objects-normal/x86_64/UPPERCASE_SSIZE_T.d --serialize-diagnostics /Users/ptseng/Developer/C/CodonCount-C/CodonCount-C/library/jansson-2.6/CMakeFiles/CMakeTmp/CMAKE_TRY_COMPILE.build/Debug/cmTryCompileExec1898458009.build/Objects-normal/x86_64/UPPERCASE_SSIZE_T.d:
	Compileia -c /Users/ptseng/Developer/C/CodonCount-C/CodonCount-C/library/jansson-2.6/CMakeFiles/CheckTypeSize/UPPERCASE_SSIZE_T.c -o /Users/ptseng/Developer/C/CodonCount-C/CodonCount-C/library/jansson-2.6/CMakeFiles/CMakeTmp/CMAKE_TRY_COMPILE.build/Debug/cmTryCompileExec1898458009.build/Objects-normal/x86_64/UPPERCASE_SSIZE_T.o
/Users/ptseng/Developer/C/CodonCount-C/CodonCount-C/library/jansson-2.6/CMakeFiles/CheckTypeSize/UPPERCASE_SSIZE_T.c:19:12: error: use of undeclared identifier 'SSIZE_T'
  ('0' + ((SIZE / 10000)%10)),
           ^
/Users/ptseng/Developer/C/CodonCount-C/CodonCount-C/library/jansson-2.6/CMakeFiles/CheckTypeSize/UPPERCASE_SSIZE_T.c:17:22: note: expanded from macro 'SIZE'
#define SIZE (sizeof(SSIZE_T))
                     ^
/Users/ptseng/Developer/C/CodonCount-C/CodonCount-C/library/jansson-2.6/CMakeFiles/CheckTypeSize/UPPERCASE_SSIZE_T.c:20:12: error: use of undeclared identifier 'SSIZE_T'
  ('0' + ((SIZE / 1000)%10)),
           ^
/Users/ptseng/Developer/C/CodonCount-C/CodonCount-C/library/jansson-2.6/CMakeFiles/CheckTypeSize/UPPERCASE_SSIZE_T.c:17:22: note: expanded from macro 'SIZE'
#define SIZE (sizeof(SSIZE_T))
                     ^
/Users/ptseng/Developer/C/CodonCount-C/CodonCount-C/library/jansson-2.6/CMakeFiles/CheckTypeSize/UPPERCASE_SSIZE_T.c:21:12: error: use of undeclared identifier 'SSIZE_T'
  ('0' + ((SIZE / 100)%10)),
           ^
/Users/ptseng/Developer/C/CodonCount-C/CodonCount-C/library/jansson-2.6/CMakeFiles/CheckTypeSize/UPPERCASE_SSIZE_T.c:17:22: note: expanded from macro 'SIZE'
#define SIZE (sizeof(SSIZE_T))
                     ^
/Users/ptseng/Developer/C/CodonCount-C/CodonCount-C/library/jansson-2.6/CMakeFiles/CheckTypeSize/UPPERCASE_SSIZE_T.c:22:12: error: use of undeclared identifier 'SSIZE_T'
  ('0' + ((SIZE / 10)%10)),
           ^
/Users/ptseng/Developer/C/CodonCount-C/CodonCount-C/library/jansson-2.6/CMakeFiles/CheckTypeSize/UPPERCASE_SSIZE_T.c:17:22: note: expanded from macro 'SIZE'
#define SIZE (sizeof(SSIZE_T))
                     ^
/Users/ptseng/Developer/C/CodonC CMAKE_TRY_COMPICount-C/CodonCount-C/library/jansson-2.6/CMakeFiles/CheckTypeSize/UPPERCASE_SSIZE_T.c:23:12: error: use of undeclared identifier 'SSIZE_T'
  ('0' +  (SIZE    % 10)),
           ^
/Users/ptseng/Developer/C/CodonCount-C/CodonCount-C/library/jansson-2.6/CMakeFiles/CheckTypeSize/UPPERCASE_SSIZE_T.c:17:22: note: expanded from macro 'SIZE'
#define SIZE (sizeof(SSIZE_T))
                     ^
5 errors generated.

LE.build/Debug/cmTryCompileExec1898458009.build/Objects-normal/x86_64/UPPERCASE_SSIZE_T.o /Users/ptseng/Developer/C/CodonCount-C/CodonCount-C/library/jansson-2.6/CMakeFiles/CheckTypeSize/UPPERCASE_SSIZE_T.c normal x86_64 c com.apple.compilers.llvm.clang.1_0.compiler
(1 failure)

/Users/ptseng/Developer/C/CodonCount-C/CodonCount-C/library/jansson-2.6/CMakeFiles/CheckTypeSize/UPPERCASE_SSIZE_T.c:
#include <sys/types.h>
#include <stdint.h>
#include <stddef.h>


#undef KEY
#if defined(__i386)
# define KEY '_','_','i','3','8','6'
#elif defined(__x86_64)
# define KEY '_','_','x','8','6','_','6','4'
#elif defined(__ppc__)
# define KEY '_','_','p','p','c','_','_'
#elif defined(__ppc64__)
# define KEY '_','_','p','p','c','6','4','_','_'
#endif

#define SIZE (sizeof(SSIZE_T))
char info_size[] =  {'I', 'N', 'F', 'O', ':', 's','i','z','e','[',
  ('0' + ((SIZE / 10000)%10)),
  ('0' + ((SIZE / 1000)%10)),
  ('0' + ((SIZE / 100)%10)),
  ('0' + ((SIZE / 10)%10)),
  ('0' +  (SIZE    % 10)),
  ']',
#ifdef KEY
  ' ','k','e','y','[', KEY, ']',
#endif
  '\0'};

#ifdef __CLASSIC_C__
int main(argc, argv) int argc; char *argv[];
#else
int main(int argc, char *argv[])
#endif
{
  int require = 0;
  require += info_size[argc];
  (void)argv;
  return require;
}


Determining if the function _strtoi64 exists failed with the following output:
Change Dir: /Users/ptseng/Developer/C/CodonCount-C/CodonCount-C/library/jansson-2.6/CMakeFiles/CMakeTmp

Run Build Command:/usr/local/Cellar/cmake/2.8.12.2/bin/cmakexbuild -project CMAKE_TRY_COMPILE.xcodeproj build -target cmTryCompileExec3258823446 -configuration Debug
=== BUILD TARGET cmTryCompileExec3258823446 OF PROJECT CMAKE_TRY_COMPILE WITH CONFIGURATION Debug ===

Check dependencies

Write auxiliary files
/bin/mkdir -p /Users/ptseng/Developer/C/CodonCount-C/CodonCount-C/library/jansson-2.6/CMakeFiles/CMakeTmp/CMAKE_TRY_COMPILE.build/Debug/cmTryCompileExec3258823446.build/Objects-normal/x86_64
write-file /Users/ptseng/Developer/C/CodonCount-C/CodonCount-C/library/jansson-2.6/CMakeFiles/CMakeTmp/CMAKE_TRY_COMPILE.build/Debug/cmTryCompileExec3258823446.build/Objects-normal/x86_64/cmTryCompileExec3258823446.LinkFileList

CompileC CMAKE_TRY_COMPILE.build/Debug/cmTryCompileExec3258823446.build/Objects-normal/x86_64/CheckFunctionExists.o /usr/local/Cellar/cmake/2.8.12.2/share/cmake/Modules/CheckFunctionExists.c normal x86_64 c com.apple.compilers.llvm.clang.1_0.compiler
    cd /Users/ptseng/Developer/C/CodonCount-C/CodonCount-C/library/jansson-2.6/CMakeFiles/CMakeTmp
    export LANG=en_US.US-ASCII
    /Applications/Xcode.app/Contents/Developer/Toolchains/XcodeDefault.xctoolc** BUILD FAILED **hain/usr/bin/clang -x c -arch x86_64 -fmessage-length=0 -fdiagnostics-show-note-include-stack -fmacro-backtrace-limit=0 -Wno-trigraphs -fpascal-strings -O0 -Wno-missing-field-initializers -Wno-missing-prototypes -Wno-return-type -Wno-missing-braces -Wparentheses -Wswitch -Wno-unused-function -Wno-unused-label -Wno-unused-parameter -Wno-unused-variable -Wunused-value -Wno-empty-body -Wno-uninitialized -Wno-unknown-pragmas -Wno-shadow -Wno-four-char-constants -Wno-conversion -Wno-constant-conversion -Wno-int-conversion -Wno-bool-conversion -Wno-enum-conversion -Wno-shorten-64-to-32 -Wpointer-sign -Wno-newline-eof -DCMAKE_INTDIR=\"Debug\" -isysroot /Applications/Xcode.app/Contents/Developer/Platforms/MacOSX.platform/Developer/SDKs/MacOSX10.9.sdk -fasm-blocks -fstrict-aliasing -Wdeprecated-declarations -mmacosx-version-min=10.9 -g -Wno-sign-conversion -I/Users/ptseng/Developer/C/CodonCount-C/CodonCount-C/library/jansson-2.6/CMakeFiles/CMakeTmp/Debug/include -I/Applications/Xcode.app/Contents/Developer/Toolchains/XcodeDefault.xctoolchain/usr/include -I/Users/ptseng/Developer/C/CodonCount-C/CodonCount-C/library/jansson-2.6/CMakeFiles/CMakeTmp/CMAKE_TRY_COMPILE.build/Debug/cmTryCompileExec3258823446.build/DerivedSources/x86_64 -I/Users/ptseng/Developer/C/CodonCount-C/CodonCount-C/library/jansson-2.6/CMakeFiles/CMakeTmp/CMAKE_TRY_COMPILE.build/Debug/cmTryCompileExec3258823446.build/DerivedSources -Wmost -Wno-four-char-constants -Wno-unknown-pragmas -F/Users/ptseng/Developer/C/CodonCount-C/CodonCount-C/library/jansson-2.6/CMakeFiles/CMakeTmp/Debug -DCHECK_FUNCTION_EXISTS=_strtoi64 -MMD -MT dependencies -MF /Users/ptseng/Developer/C/CodonCount-C/CodonCount-C/library/jansson-2.6/CMakeFiles/CMakeTmp/CMAKE_TRY_COMPILE.build/Debug/cmTryCompileExec3258823446.build/Objects-normal/x86_64/CheckFunctionExists.d --serialize-diagnostics /Users/ptseng/Developer/C/CodonCount-C/CodonCount-C/library/jansson-2.6/CMakeFiles/CMakeTmp/CMAKE_TRY_COMPILE.build/Debug/cmTryCompileExec3258823446.build/Objects-normal/x86_64/CheckFunctionExists.dia -c /usr/local/Cellar/cmake/2.8.12.2/share/cmake/Modules/CheckFunctionExists.c -o /Users/ptseng/Developer/C/CodonCount-C/CodonCount-C/library/jansson-2.6/CMakeFiles/CMakeTmp/CMAKE_TRY_COMPILE.build/Debug/cmTryCompileExec3258823446.build/Objects-normal/x86_64/CheckFunctionExists.o

Ld Debug/cmTryCompileExec3258823446 normal x86_64
    cd /Users/ptseng/Developer/C/CodonCount-C/CodonCount-C/library/jansson-2.6/CMakeFiles/CMakeTmp
    export MACOSX_DEPLOYMENT_TARGET=10.9
    /Applications/Xcode.app/Contents/Developer/Toolchains/XcodeDefault.xctoolchain/usr/bin/clang -arch x86_64 -isysroot /Applications/Xcode.app/Contents/Developer/Platforms/MacOSX.platform/Developer/SDKs/MacOSX10.9.sdk -L/Users/ptseng/Developer/C/CodonCount-C/CodonCount-C/library/jansson-2.6/CMakeFiles/CMakeTmp/Debug -F/Users/ptseng/Developer/C/CodonCount-C/CodonCount-C/library/jansson-2.6/CMakeFiles/CMakeTmp/Debug -filelist /Users/ptseng/Developer/C/CodonCount-C/CodonCount-C/library/jansson-2.6/CMakeFiles/CMakeTmp/CMAKE_TRY_COMPILE.build/Debug/c


The followmTryCompileExec3258823446.build/Objects-normal/x86_64/cmTryCompileExec3258823446.LinkFileList -mmacosx-version-min=10.9 -Wl,-search_paths_first -Wl,-headerpad_max_install_names -Xlinker -dependency_info -Xlinker /Users/ptseng/Developer/C/CodonCount-C/CodonCount-C/library/jansson-2.6/CMakeFiles/CMakeTmp/CMAKE_TRY_COMPILE.build/Debug/cmTryCompileExec3258823446.build/Objects-normal/x86_64/cmTryCompileExec3258823446_dependency_info.dat -o /Users/ptseng/Developer/C/CodonCount-C/CodonCount-C/library/jansson-2.6/CMakeFiles/CMakeTmp/Debug/cmTryCompileExec3258823446
Undefined symbols for architecture x86_64:
  "__strtoi64", referenced from:
      _main in CheckFunctionExists.o
ld: symbol(s) not found for architecture x86_64
clang: error: linker command failed with exit code 1 (use -v to see invocation)

ing build commands failed:
	Ld Debug/cmTryCompileExec3258823446 normal x86_64
(1 failure)


Determining if the function _snprintf exists failed with the following output:
Change Dir: /Users/ptseng/Developer/C/CodonCount-C/CodonCount-C/library/jansson-2.6/CMakeFiles/CMakeTmp

Run Build Command:/usr/local/Cellar/cmake/2.8.12.2/bin/cmakexbuild -project CMAKE_TRY_COMPILE.xcodeproj build -target cmTryCompileExec3765419029 -configuration Debug
=== BUILD TARGET cmTryCompileExec3765419029 OF PROJECT CMAKE_TRY_COMPILE WITH CONFIGURATION Debug ===

Check dependencies

Write auxiliary files
/bin/mkdir -p /Users/ptseng/Developer/C/CodonCount-C/CodonCount-C/library/jansson-2.6/CMakeFiles/CMakeTmp/CMAKE_TRY_COMPILE.build/Debug/cmTryCompileExec3765419029.build/Objects-normal/x86_64
write-file /Users/ptseng/Developer/C/CodonCount-C/CodonCount-C/library/jansson-2.6/CMakeFiles/CMakeTmp/CMAKE_TRY_COMPILE.build/Debug/cmTryCompileExec3765419029.build/Objects-normal/x86_64/cmTryCompileExec3765419029.LinkFileList

CompileC CMAKE_TRY_COMPILE.build/Debug/cmTryCompileExec3765419029.build/Objects-normal/x86_64/CheckFunctionExists.o /usr/local/Cellar/cmake/2.8.12.2/share/cmake/Modules/CheckFunctionExists.c normal x86_64 c com.apple.compilers.llvm.clang.1_0.compiler
    cd /Users/ptseng/Developer/C/CodonCount-C/CodonCount-C/library/jansson-2.6/CMakeFiles/CMakeTmp
    export LANG=en_US.US-ASCII
    /Applications/Xcode.app/Contents/Developer/Toolchains/XcodeDefault.xctoolc** BUILD FAILED **


The following build commands failed:
	Ld Debug/cmTryCompileExec3765419029 normal x86_64
(1 failure)
hain/usr/bin/clang -x c -arch x86_64 -fmessage-length=0 -fdiagnostics-show-note-include-stack -fmacro-backtrace-limit=0 -Wno-trigraphs -fpascal-strings -O0 -Wno-missing-field-initializers -Wno-missing-prototypes -Wno-return-type -Wno-missing-braces -Wparentheses -Wswitch -Wno-unused-function -Wno-unused-label -Wno-unused-parameter -Wno-unused-variable -Wunused-value -Wno-empty-body -Wno-uninitialized -Wno-unknown-pragmas -Wno-shadow -Wno-four-char-constants -Wno-conversion -Wno-constant-conversion -Wno-int-conversion -Wno-bool-conversion -Wno-enum-conversion -Wno-shorten-64-to-32 -Wpointer-sign -Wno-newline-eof -DCMAKE_INTDIR=\"Debug\" -isysroot /Applications/Xcode.app/Contents/Developer/Platforms/MacOSX.platform/Developer/SDKs/MacOSX10.9.sdk -fasm-blocks -fstrict-aliasing -Wdeprecated-declarations -mmacosx-version-min=10.9 -g -Wno-sign-conversion -I/Users/ptseng/Developer/C/CodonCount-C/CodonCount-C/library/jansson-2.6/CMakeFiles/CMakeTmp/Debug/include -I/Applications/Xcode.app/Contents/Developer/Toolchains/XcodeDefault.xctoolchain/usr/include -I/Users/ptseng/Developer/C/CodonCount-C/CodonCount-C/library/jansson-2.6/CMakeFiles/CMakeTmp/CMAKE_TRY_COMPILE.build/Debug/cmTryCompileExec3765419029.build/DerivedSources/x86_64 -I/Users/ptseng/Developer/C/CodonCount-C/CodonCount-C/library/jansson-2.6/CMakeFiles/CMakeTmp/CMAKE_TRY_COMPILE.build/Debug/cmTryCompileExec3765419029.build/DerivedSources -Wmost -Wno-four-char-constants -Wno-unknown-pragmas -F/Users/ptseng/Developer/C/CodonCount-C/CodonCount-C/library/jansson-2.6/CMakeFiles/CMakeTmp/Debug -DCHECK_FUNCTION_EXISTS=_snprintf -MMD -MT dependencies -MF /Users/ptseng/Developer/C/CodonCount-C/CodonCount-C/library/jansson-2.6/CMakeFiles/CMakeTmp/CMAKE_TRY_COMPILE.build/Debug/cmTryCompileExec3765419029.build/Objects-normal/x86_64/CheckFunctionExists.d --serialize-diagnostics /Users/ptseng/Developer/C/CodonCount-C/CodonCount-C/library/jansson-2.6/CMakeFiles/CMakeTmp/CMAKE_TRY_COMPILE.build/Debug/cmTryCompileExec3765419029.build/Objects-normal/x86_64/CheckFunctionExists.dia -c /usr/local/Cellar/cmake/2.8.12.2/share/cmake/Modules/CheckFunctionExists.c -o /Users/ptseng/Developer/C/CodonCount-C/CodonCount-C/library/jansson-2.6/CMakeFiles/CMakeTmp/CMAKE_TRY_COMPILE.build/Debug/cmTryCompileExec3765419029.build/Objects-normal/x86_64/CheckFunctionExists.o

Ld Debug/cmTryCompileExec3765419029 normal x86_64
    cd /Users/ptseng/Developer/C/CodonCount-C/CodonCount-C/library/jansson-2.6/CMakeFiles/CMakeTmp
    export MACOSX_DEPLOYMENT_TARGET=10.9
    /Applications/Xcode.app/Contents/Developer/Toolchains/XcodeDefault.xctoolchain/usr/bin/clang -arch x86_64 -isysroot /Applications/Xcode.app/Contents/Developer/Platforms/MacOSX.platform/Developer/SDKs/MacOSX10.9.sdk -L/Users/ptseng/Developer/C/CodonCount-C/CodonCount-C/library/jansson-2.6/CMakeFiles/CMakeTmp/Debug -F/Users/ptseng/Developer/C/CodonCount-C/CodonCount-C/library/jansson-2.6/CMakeFiles/CMakeTmp/Debug -filelist /Users/ptseng/Developer/C/CodonCount-C/CodonCount-C/library/jansson-2.6/CMakeFiles/CMakeTmp/CMAKE_TRY_COMPILE.build/Debug/cmTryCompileExec3765419029.build/Objects-normal/x86_64/cmTryCompileExec3765419029.LinkFileList -mmacosx-version-min=10.9 -Wl,-search_paths_first -Wl,-headerpad_max_install_names -Xlinker -dependency_info -Xlinker /Users/ptseng/Developer/C/CodonCount-C/CodonCount-C/library/jansson-2.6/CMakeFiles/CMakeTmp/CMAKE_TRY_COMPILE.build/Debug/cmTryCompileExec3765419029.build/Objects-normal/x86_64/cmTryCompileExec3765419029_dependency_info.dat -o /Users/ptseng/Developer/C/CodonCount-C/CodonCount-C/library/jansson-2.6/CMakeFiles/CMakeTmp/Debug/cmTryCompileExec3765419029
Undefined symbols for architecture x86_64:
  "__snprintf", referenced from:
      _main in CheckFunctionExists.o
ld: symbol(s) not found for architecture x86_64
clang: error: linker command failed with exit code 1 (use -v to see invocation)



